00:00:03.372829 VirtualBox VM 6.1.44 r156814 win.amd64 (Apr 13 2023 10:17:27) release log
00:00:03.372832 Log opened 2024-01-08T04:10:58.771273900Z
00:00:03.372833 Build Type: release
00:00:03.372836 OS Product: Windows 11
00:00:03.372837 OS Release: 10.0.22621
00:00:03.372837 OS Service Pack: 
00:00:03.426894 DMI Product Name: OptiPlex 7010
00:00:03.431103 DMI Product Version: 01
00:00:03.431112 Firmware type: UEFI
00:00:03.431472 Secure Boot: VERR_PRIVILEGE_NOT_HELD
00:00:03.431484 Host RAM: 8078MB (7.8GB) total, 4932MB (4.8GB) available
00:00:03.431487 Executable: C:\Program Files\Oracle\VirtualBox\VirtualBoxVM.exe
00:00:03.431487 Process ID: 10024
00:00:03.431488 Package type: WINDOWS_64BITS_GENERIC
00:00:03.432393 Installed Extension Packs:
00:00:03.432900   Oracle VM VirtualBox Extension Pack (Version: 6.1.44 r156814; VRDE Module: VBoxVRDP)
00:00:03.433393 Console: Machine state changed to 'Starting'
00:00:03.433520 Qt version: 5.6.2
00:00:03.436284 GUI: UIMediumEnumerator: Medium-enumeration finished!
00:00:03.600088 SUP: Opened VMMR0.r0 (C:\Program Files\Oracle\VirtualBox\VMMR0.r0) at 0xXXXXXXXXXXXXXXXX loaded by the native ring-0 loader.
00:00:03.600109 SUP: windbg> .reload /f C:\Program Files\Oracle\VirtualBox\VMMR0.r0=0xXXXXXXXXXXXXXXXX
00:00:03.601050 Guest OS type: 'Debian_64'
00:00:03.602390 fHMForced=true - No raw-mode support in this build!
00:00:03.607185 File system of 'D:\WORKFOLDER  ASJ\ASJ-WORKFOLDER\PERTEMUAN SENIN 8 JANUARI 2024\Initiator_Server\debian11-disk001.vdi' is ntfs
00:00:03.805009 Shared Clipboard: Service loaded
00:00:03.805023 Shared Clipboard: Mode: Off
00:00:03.805089 Shared Clipboard: Service running in normal mode
00:00:03.828239 Drag and drop service loaded
00:00:03.828252 Drag and drop mode: Off
00:00:03.857398 ************************* CFGM dump *************************
00:00:03.857400 [/] (level 0)
00:00:03.857403   CpuExecutionCap   <integer> = 0x0000000000000064 (100)
00:00:03.857404   EnablePAE         <integer> = 0x0000000000000000 (0)
00:00:03.857405   HMEnabled         <integer> = 0x0000000000000001 (1)
00:00:03.857406   MemBalloonSize    <integer> = 0x0000000000000000 (0)
00:00:03.857407   Name              <string>  = "Initiator_Server" (cb=17)
00:00:03.857408   NumCPUs           <integer> = 0x0000000000000001 (1)
00:00:03.857408   PageFusionAllowed <integer> = 0x0000000000000000 (0)
00:00:03.857409   RamHoleSize       <integer> = 0x0000000020000000 (536 870 912, 512 MB)
00:00:03.857410   RamSize           <integer> = 0x0000000020000000 (536 870 912, 512 MB)
00:00:03.857411   TimerMillies      <integer> = 0x000000000000000a (10)
00:00:03.857412   UUID              <bytes>   = "61 7c 32 42 ca c0 74 4a b9 65 a8 01 3d 32 4e 8b" (cb=16)
00:00:03.857418 
00:00:03.857418 [/CPUM/] (level 1)
00:00:03.857419   GuestCpuName       <string>  = "host" (cb=5)
00:00:03.857420   NestedHWVirt       <integer> = 0x0000000000000000 (0)
00:00:03.857421   PortableCpuIdLevel <integer> = 0x0000000000000000 (0)
00:00:03.857421   SpecCtrl           <integer> = 0x0000000000000000 (0)
00:00:03.857422 
00:00:03.857422 [/CPUM/IsaExts/] (level 2)
00:00:03.857423 
00:00:03.857423 [/DBGC/] (level 1)
00:00:03.857424   GlobalInitScript <string>  = "C:\Users\TKJ-PC\.VirtualBox/dbgc-init" (cb=38)
00:00:03.857425   HistoryFile      <string>  = "C:\Users\TKJ-PC\.VirtualBox/dbgc-history" (cb=41)
00:00:03.857426   LocalInitScript  <string>  = "D:\WORKFOLDER  ASJ\ASJ-WORKFOLDER\PERTEMUAN SENIN 8 JANUARI 2024\Initiator_Server/dbgc-init" (cb=92)
00:00:03.857426 
00:00:03.857427 [/DBGF/] (level 1)
00:00:03.857427   Path <string>  = "D:\WORKFOLDER  ASJ\ASJ-WORKFOLDER\PERTEMUAN SENIN 8 JANUARI 2024\Initiator_Server/debug/;D:\WORKFOLDER  ASJ\ASJ-WORKFOLDER\PERTEMUAN SENIN 8 JANUARI 2024\Initiator_Server/;cache*D:\WORKFOLDER  ASJ\ASJ-WORKFOLDER\PERTEMUAN SENIN 8 JANUARI 2024\Initiator_Server/dbgcache/;C:\Users\TKJ-PC\" (cb=287)
00:00:03.857428 
00:00:03.857429 [/Devices/] (level 1)
00:00:03.857429 
00:00:03.857429 [/Devices/8237A/] (level 2)
00:00:03.857430 
00:00:03.857431 [/Devices/8237A/0/] (level 3)
00:00:03.857432   Trusted <integer> = 0x0000000000000001 (1)
00:00:03.857432 
00:00:03.857433 [/Devices/GIMDev/] (level 2)
00:00:03.857433 
00:00:03.857434 [/Devices/GIMDev/0/] (level 3)
00:00:03.857435   Trusted <integer> = 0x0000000000000001 (1)
00:00:03.857436 
00:00:03.857436 [/Devices/VMMDev/] (level 2)
00:00:03.857437 
00:00:03.857437 [/Devices/VMMDev/0/] (level 3)
00:00:03.857438   PCIBusNo      <integer> = 0x0000000000000000 (0)
00:00:03.857438   PCIDeviceNo   <integer> = 0x0000000000000004 (4)
00:00:03.857439   PCIFunctionNo <integer> = 0x0000000000000000 (0)
00:00:03.857440   Trusted       <integer> = 0x0000000000000001 (1)
00:00:03.857440 
00:00:03.857440 [/Devices/VMMDev/0/Config/] (level 4)
00:00:03.857441   GuestCoreDumpDir <string>  = "D:\WORKFOLDER  ASJ\ASJ-WORKFOLDER\PERTEMUAN SENIN 8 JANUARI 2024\Initiator_Server\Snapshots" (cb=92)
00:00:03.857442 
00:00:03.857442 [/Devices/VMMDev/0/LUN#0/] (level 4)
00:00:03.857443   Driver <string>  = "HGCM" (cb=5)
00:00:03.857444 
00:00:03.857444 [/Devices/VMMDev/0/LUN#0/Config/] (level 5)
00:00:03.857445   Object <integer> = 0x0000000006e3bde0 (115 588 576)
00:00:03.857446 
00:00:03.857446 [/Devices/VMMDev/0/LUN#999/] (level 4)
00:00:03.857447   Driver <string>  = "MainStatus" (cb=11)
00:00:03.857447 
00:00:03.857448 [/Devices/VMMDev/0/LUN#999/Config/] (level 5)
00:00:03.857449   First   <integer> = 0x0000000000000000 (0)
00:00:03.857449   Last    <integer> = 0x0000000000000000 (0)
00:00:03.857450   papLeds <integer> = 0x000000000370dd70 (57 728 368)
00:00:03.857451 
00:00:03.857451 [/Devices/acpi/] (level 2)
00:00:03.857452 
00:00:03.857452 [/Devices/acpi/0/] (level 3)
00:00:03.857453   PCIBusNo      <integer> = 0x0000000000000000 (0)
00:00:03.857453   PCIDeviceNo   <integer> = 0x0000000000000007 (7)
00:00:03.857454   PCIFunctionNo <integer> = 0x0000000000000000 (0)
00:00:03.857454   Trusted       <integer> = 0x0000000000000001 (1)
00:00:03.857455 
00:00:03.857455 [/Devices/acpi/0/Config/] (level 4)
00:00:03.857457   CpuHotPlug          <integer> = 0x0000000000000000 (0)
00:00:03.857457   FdcEnabled          <integer> = 0x0000000000000000 (0)
00:00:03.857458   HostBusPciAddress   <integer> = 0x0000000000000000 (0)
00:00:03.857458   HpetEnabled         <integer> = 0x0000000000000000 (0)
00:00:03.857459   IOAPIC              <integer> = 0x0000000000000001 (1)
00:00:03.857460   IocPciAddress       <integer> = 0x0000000000010000 (65 536)
00:00:03.857461   NumCPUs             <integer> = 0x0000000000000001 (1)
00:00:03.857461   Parallel0IoPortBase <integer> = 0x0000000000000000 (0)
00:00:03.857462   Parallel0Irq        <integer> = 0x0000000000000000 (0)
00:00:03.857462   Parallel1IoPortBase <integer> = 0x0000000000000000 (0)
00:00:03.857463   Parallel1Irq        <integer> = 0x0000000000000000 (0)
00:00:03.857463   Serial0IoPortBase   <integer> = 0x0000000000000000 (0)
00:00:03.857464   Serial0Irq          <integer> = 0x0000000000000000 (0)
00:00:03.857465   Serial1IoPortBase   <integer> = 0x0000000000000000 (0)
00:00:03.857465   Serial1Irq          <integer> = 0x0000000000000000 (0)
00:00:03.857466   ShowCpu             <integer> = 0x0000000000000001 (1)
00:00:03.857466   ShowRtc             <integer> = 0x0000000000000000 (0)
00:00:03.857467   SmcEnabled          <integer> = 0x0000000000000000 (0)
00:00:03.857468 
00:00:03.857468 [/Devices/acpi/0/LUN#0/] (level 4)
00:00:03.857469   Driver <string>  = "ACPIHost" (cb=9)
00:00:03.857469 
00:00:03.857469 [/Devices/acpi/0/LUN#0/Config/] (level 5)
00:00:03.857470 
00:00:03.857470 [/Devices/ahci/] (level 2)
00:00:03.857471 
00:00:03.857471 [/Devices/ahci/0/] (level 3)
00:00:03.857472   PCIBusNo      <integer> = 0x0000000000000000 (0)
00:00:03.857473   PCIDeviceNo   <integer> = 0x000000000000000d (13)
00:00:03.857474   PCIFunctionNo <integer> = 0x0000000000000000 (0)
00:00:03.857474   Trusted       <integer> = 0x0000000000000001 (1)
00:00:03.857475 
00:00:03.857475 [/Devices/ahci/0/Config/] (level 4)
00:00:03.857476   Bootable  <integer> = 0x0000000000000001 (1)
00:00:03.857476   PortCount <integer> = 0x0000000000000001 (1)
00:00:03.857477 
00:00:03.857477 [/Devices/ahci/0/Config/Port0/] (level 5)
00:00:03.857478   Hotpluggable <integer> = 0x0000000000000000 (0)
00:00:03.857478 
00:00:03.857479 [/Devices/ahci/0/LUN#0/] (level 4)
00:00:03.857479   Driver <string>  = "VD" (cb=3)
00:00:03.857480 
00:00:03.857480 [/Devices/ahci/0/LUN#0/Config/] (level 5)
00:00:03.857481   BlockCache <integer> = 0x0000000000000001 (1)
00:00:03.857482   Format     <string>  = "vdi" (cb=4)
00:00:03.857482   Mountable  <integer> = 0x0000000000000000 (0)
00:00:03.857483   Path       <string>  = "D:\WORKFOLDER  ASJ\ASJ-WORKFOLDER\PERTEMUAN SENIN 8 JANUARI 2024\Initiator_Server\debian11-disk001.vdi" (cb=103)
00:00:03.857484   Type       <string>  = "HardDisk" (cb=9)
00:00:03.857484   UseNewIo   <integer> = 0x0000000000000001 (1)
00:00:03.857485 
00:00:03.857485 [/Devices/ahci/0/LUN#0/Config/Plugins/] (level 6)
00:00:03.857486 
00:00:03.857486 [/Devices/ahci/0/LUN#0/Config/Plugins/VDPluginCrypt/] (level 7)
00:00:03.857487   Path <string>  = "C:\Program Files\Oracle\VirtualBox\ExtensionPacks\Oracle_VM_VirtualBox_Extension_Pack\win.amd64\VDPluginCrypt.DLL" (cb=114)
00:00:03.857488 
00:00:03.857488 [/Devices/ahci/0/LUN#0/Config/VDConfig/] (level 6)
00:00:03.857489   AllocationBlockSize <string>  = "1048576" (cb=8)
00:00:03.857490 
00:00:03.857490 [/Devices/ahci/0/LUN#999/] (level 4)
00:00:03.857491   Driver <string>  = "MainStatus" (cb=11)
00:00:03.857492 
00:00:03.857492 [/Devices/ahci/0/LUN#999/Config/] (level 5)
00:00:03.857493   DeviceInstance        <string>  = "ahci/0" (cb=7)
00:00:03.857493   First                 <integer> = 0x0000000000000000 (0)
00:00:03.857494   Last                  <integer> = 0x0000000000000000 (0)
00:00:03.857495   pConsole              <integer> = 0x000000000370bef0 (57 720 560)
00:00:03.857496   papLeds               <integer> = 0x000000000370ca70 (57 723 504)
00:00:03.857497   pmapMediumAttachments <integer> = 0x000000000370dd90 (57 728 400)
00:00:03.857497 
00:00:03.857498 [/Devices/apic/] (level 2)
00:00:03.857498 
00:00:03.857498 [/Devices/apic/0/] (level 3)
00:00:03.857499   Trusted <integer> = 0x0000000000000001 (1)
00:00:03.857500 
00:00:03.857500 [/Devices/apic/0/Config/] (level 4)
00:00:03.857501   IOAPIC  <integer> = 0x0000000000000001 (1)
00:00:03.857501   Mode    <integer> = 0x0000000000000003 (3)
00:00:03.857502   NumCPUs <integer> = 0x0000000000000001 (1)
00:00:03.857502 
00:00:03.857503 [/Devices/e1000/] (level 2)
00:00:03.857503 
00:00:03.857503 [/Devices/e1000/0/] (level 3)
00:00:03.857504   PCIBusNo      <integer> = 0x0000000000000000 (0)
00:00:03.857505   PCIDeviceNo   <integer> = 0x0000000000000003 (3)
00:00:03.857505   PCIFunctionNo <integer> = 0x0000000000000000 (0)
00:00:03.857506   Trusted       <integer> = 0x0000000000000001 (1)
00:00:03.857506 
00:00:03.857506 [/Devices/e1000/0/Config/] (level 4)
00:00:03.857507   AdapterType    <integer> = 0x0000000000000000 (0)
00:00:03.857508   CableConnected <integer> = 0x0000000000000001 (1)
00:00:03.857508   LineSpeed      <integer> = 0x0000000000000000 (0)
00:00:03.857509   MAC            <bytes>   = "08 00 27 d3 f5 2b" (cb=6)
00:00:03.857510 
00:00:03.857510 [/Devices/e1000/0/LUN#0/] (level 4)
00:00:03.857511   Driver <string>  = "IntNet" (cb=7)
00:00:03.857512 
00:00:03.857512 [/Devices/e1000/0/LUN#0/Config/] (level 5)
00:00:03.857513   IfPolicyPromisc      <string>  = "deny" (cb=5)
00:00:03.857513   IgnoreConnectFailure <integer> = 0x0000000000000000 (0)
00:00:03.857514   Network              <string>  = "HostInterfaceNetworking-Intel(R) 82579LM Gigabit Network Connection" (cb=68)
00:00:03.857515   Trunk                <string>  = "\DEVICE\{DE12752B-D7B9-442B-93F4-2C6FA6BB72F2}" (cb=47)
00:00:03.857515   TrunkType            <integer> = 0x0000000000000003 (3)
00:00:03.857516 
00:00:03.857516 [/Devices/e1000/0/LUN#999/] (level 4)
00:00:03.857517   Driver <string>  = "MainStatus" (cb=11)
00:00:03.857518 
00:00:03.857518 [/Devices/e1000/0/LUN#999/Config/] (level 5)
00:00:03.857519   First   <integer> = 0x0000000000000000 (0)
00:00:03.857519   Last    <integer> = 0x0000000000000000 (0)
00:00:03.857520   papLeds <integer> = 0x000000000370dc50 (57 728 080)
00:00:03.857520 
00:00:03.857521 [/Devices/i8254/] (level 2)
00:00:03.857521 
00:00:03.857522 [/Devices/i8254/0/] (level 3)
00:00:03.857522 
00:00:03.857522 [/Devices/i8254/0/Config/] (level 4)
00:00:03.857523 
00:00:03.857523 [/Devices/i8259/] (level 2)
00:00:03.857524 
00:00:03.857524 [/Devices/i8259/0/] (level 3)
00:00:03.857525   Trusted <integer> = 0x0000000000000001 (1)
00:00:03.857526 
00:00:03.857526 [/Devices/i8259/0/Config/] (level 4)
00:00:03.857526 
00:00:03.857527 [/Devices/ichac97/] (level 2)
00:00:03.857527 
00:00:03.857527 [/Devices/ichac97/0/] (level 3)
00:00:03.857528   PCIBusNo      <integer> = 0x0000000000000000 (0)
00:00:03.857529   PCIDeviceNo   <integer> = 0x0000000000000005 (5)
00:00:03.857529   PCIFunctionNo <integer> = 0x0000000000000000 (0)
00:00:03.857530   Trusted       <integer> = 0x0000000000000001 (1)
00:00:03.857530 
00:00:03.857531 [/Devices/ichac97/0/AudioConfig/] (level 4)
00:00:03.857532 
00:00:03.857532 [/Devices/ichac97/0/Config/] (level 4)
00:00:03.857532   Codec        <string>  = "AD1980" (cb=7)
00:00:03.857533   DebugEnabled <integer> = 0x0000000000000000 (0)
00:00:03.857534 
00:00:03.857534 [/Devices/ichac97/0/LUN#0/] (level 4)
00:00:03.857535   Driver <string>  = "AUDIO" (cb=6)
00:00:03.857535 
00:00:03.857535 [/Devices/ichac97/0/LUN#0/AttachedDriver/] (level 5)
00:00:03.857536   Driver <string>  = "HostAudioWas" (cb=13)
00:00:03.857537 
00:00:03.857537 [/Devices/ichac97/0/LUN#0/AttachedDriver/Config/] (level 6)
00:00:03.857538   VmName <string>  = "Initiator_Server" (cb=17)
00:00:03.857539   VmUuid <string>  = "42327c61-c0ca-4a74-b965-a8013d324e8b" (cb=37)
00:00:03.857539 
00:00:03.857539 [/Devices/ichac97/0/LUN#0/Config/] (level 5)
00:00:03.857540   DriverName    <string>  = "HostAudioWas" (cb=13)
00:00:03.857541   InputEnabled  <integer> = 0x0000000000000000 (0)
00:00:03.857541   OutputEnabled <integer> = 0x0000000000000001 (1)
00:00:03.857542 
00:00:03.857542 [/Devices/ichac97/0/LUN#1/] (level 4)
00:00:03.857543   Driver <string>  = "AUDIO" (cb=6)
00:00:03.857543 
00:00:03.857543 [/Devices/ichac97/0/LUN#2/] (level 4)
00:00:03.857544   Driver <string>  = "AUDIO" (cb=6)
00:00:03.857545 
00:00:03.857545 [/Devices/ioapic/] (level 2)
00:00:03.857546 
00:00:03.857546 [/Devices/ioapic/0/] (level 3)
00:00:03.857547   Trusted <integer> = 0x0000000000000001 (1)
00:00:03.857547 
00:00:03.857547 [/Devices/ioapic/0/Config/] (level 4)
00:00:03.857548   NumCPUs <integer> = 0x0000000000000001 (1)
00:00:03.857548 
00:00:03.857549 [/Devices/mc146818/] (level 2)
00:00:03.857549 
00:00:03.857550 [/Devices/mc146818/0/] (level 3)
00:00:03.857550 
00:00:03.857550 [/Devices/mc146818/0/Config/] (level 4)
00:00:03.857551   UseUTC <integer> = 0x0000000000000001 (1)
00:00:03.857552 
00:00:03.857552 [/Devices/parallel/] (level 2)
00:00:03.857553 
00:00:03.857553 [/Devices/pcarch/] (level 2)
00:00:03.857553 
00:00:03.857554 [/Devices/pcarch/0/] (level 3)
00:00:03.857554   Trusted <integer> = 0x0000000000000001 (1)
00:00:03.857555 
00:00:03.857555 [/Devices/pcarch/0/Config/] (level 4)
00:00:03.857556 
00:00:03.857556 [/Devices/pcbios/] (level 2)
00:00:03.857557 
00:00:03.857557 [/Devices/pcbios/0/] (level 3)
00:00:03.857558   Trusted <integer> = 0x0000000000000001 (1)
00:00:03.857558 
00:00:03.857558 [/Devices/pcbios/0/Config/] (level 4)
00:00:03.857559   APIC               <integer> = 0x0000000000000001 (1)
00:00:03.857560   BootDevice0        <string>  = "IDE" (cb=4)
00:00:03.857561   BootDevice1        <string>  = "FLOPPY" (cb=7)
00:00:03.857561   BootDevice2        <string>  = "DVD" (cb=4)
00:00:03.857562   BootDevice3        <string>  = "NONE" (cb=5)
00:00:03.857562   FloppyDevice       <string>  = "i82078" (cb=7)
00:00:03.857563   HardDiskDevice     <string>  = "piix3ide" (cb=9)
00:00:03.857563   IOAPIC             <integer> = 0x0000000000000001 (1)
00:00:03.857564   LanBootRom         <string>  = "C:\Program Files\Oracle\VirtualBox\ExtensionPacks\Oracle_VM_VirtualBox_Extension_Pack\PXE-Intel.rom" (cb=100)
00:00:03.857565   McfgBase           <integer> = 0x0000000000000000 (0)
00:00:03.857566   McfgLength         <integer> = 0x0000000000000000 (0)
00:00:03.857566   NumCPUs            <integer> = 0x0000000000000001 (1)
00:00:03.857567   PXEDebug           <integer> = 0x0000000000000000 (0)
00:00:03.857567   SataHardDiskDevice <string>  = "ahci" (cb=5)
00:00:03.857568   SataLUN1           <integer> = 0x0000000000000000 (0)
00:00:03.857569   UUID               <bytes>   = "61 7c 32 42 ca c0 74 4a b9 65 a8 01 3d 32 4e 8b" (cb=16)
00:00:03.857570   UuidLe             <integer> = 0x0000000000000001 (1)
00:00:03.857571 
00:00:03.857571 [/Devices/pcbios/0/Config/NetBoot/] (level 5)
00:00:03.857572 
00:00:03.857572 [/Devices/pcbios/0/Config/NetBoot/0/] (level 6)
00:00:03.857573   NIC           <integer> = 0x0000000000000000 (0)
00:00:03.857574   PCIBusNo      <integer> = 0x0000000000000000 (0)
00:00:03.857574   PCIDeviceNo   <integer> = 0x0000000000000003 (3)
00:00:03.857575   PCIFunctionNo <integer> = 0x0000000000000000 (0)
00:00:03.857575 
00:00:03.857576 [/Devices/pci/] (level 2)
00:00:03.857576 
00:00:03.857576 [/Devices/pci/0/] (level 3)
00:00:03.857577   Trusted <integer> = 0x0000000000000001 (1)
00:00:03.857578 
00:00:03.857578 [/Devices/pci/0/Config/] (level 4)
00:00:03.857579   IOAPIC <integer> = 0x0000000000000001 (1)
00:00:03.857579 
00:00:03.857579 [/Devices/pcibridge/] (level 2)
00:00:03.857580 
00:00:03.857580 [/Devices/pckbd/] (level 2)
00:00:03.857581 
00:00:03.857581 [/Devices/pckbd/0/] (level 3)
00:00:03.857582   Trusted <integer> = 0x0000000000000001 (1)
00:00:03.857582 
00:00:03.857582 [/Devices/pckbd/0/Config/] (level 4)
00:00:03.857583 
00:00:03.857583 [/Devices/pckbd/0/LUN#0/] (level 4)
00:00:03.857584   Driver <string>  = "KeyboardQueue" (cb=14)
00:00:03.857585 
00:00:03.857585 [/Devices/pckbd/0/LUN#0/AttachedDriver/] (level 5)
00:00:03.857586   Driver <string>  = "MainKeyboard" (cb=13)
00:00:03.857587 
00:00:03.857587 [/Devices/pckbd/0/LUN#0/AttachedDriver/Config/] (level 6)
00:00:03.857588   Object <integer> = 0x00000000036cc040 (57 458 752)
00:00:03.857589 
00:00:03.857589 [/Devices/pckbd/0/LUN#0/Config/] (level 5)
00:00:03.857590   QueueSize <integer> = 0x0000000000000040 (64)
00:00:03.857590 
00:00:03.857590 [/Devices/pckbd/0/LUN#1/] (level 4)
00:00:03.857591   Driver <string>  = "MouseQueue" (cb=11)
00:00:03.857592 
00:00:03.857592 [/Devices/pckbd/0/LUN#1/AttachedDriver/] (level 5)
00:00:03.857593   Driver <string>  = "MainMouse" (cb=10)
00:00:03.857593 
00:00:03.857594 [/Devices/pckbd/0/LUN#1/AttachedDriver/Config/] (level 6)
00:00:03.857595   Object <integer> = 0x00000000037feba0 (58 715 040)
00:00:03.857595 
00:00:03.857596 [/Devices/pckbd/0/LUN#1/Config/] (level 5)
00:00:03.857597   QueueSize <integer> = 0x0000000000000080 (128)
00:00:03.857597 
00:00:03.857597 [/Devices/pcnet/] (level 2)
00:00:03.857598 
00:00:03.857598 [/Devices/piix3ide/] (level 2)
00:00:03.857599 
00:00:03.857599 [/Devices/piix3ide/0/] (level 3)
00:00:03.857600   PCIBusNo      <integer> = 0x0000000000000000 (0)
00:00:03.857601   PCIDeviceNo   <integer> = 0x0000000000000001 (1)
00:00:03.857601   PCIFunctionNo <integer> = 0x0000000000000001 (1)
00:00:03.857602   Trusted       <integer> = 0x0000000000000001 (1)
00:00:03.857602 
00:00:03.857602 [/Devices/piix3ide/0/Config/] (level 4)
00:00:03.857603   Type <string>  = "PIIX4" (cb=6)
00:00:03.857604 
00:00:03.857604 [/Devices/piix3ide/0/LUN#2/] (level 4)
00:00:03.857605   Driver <string>  = "VD" (cb=3)
00:00:03.857605 
00:00:03.857605 [/Devices/piix3ide/0/LUN#2/Config/] (level 5)
00:00:03.857606   EmptyDrive <integer> = 0x0000000000000001 (1)
00:00:03.857607   Mountable  <integer> = 0x0000000000000001 (1)
00:00:03.857607   Type       <string>  = "DVD" (cb=4)
00:00:03.857608 
00:00:03.857608 [/Devices/piix3ide/0/LUN#999/] (level 4)
00:00:03.857609   Driver <string>  = "MainStatus" (cb=11)
00:00:03.857609 
00:00:03.857609 [/Devices/piix3ide/0/LUN#999/Config/] (level 5)
00:00:03.857610   DeviceInstance        <string>  = "piix3ide/0" (cb=11)
00:00:03.857611   First                 <integer> = 0x0000000000000000 (0)
00:00:03.857611   Last                  <integer> = 0x0000000000000003 (3)
00:00:03.857612   pConsole              <integer> = 0x000000000370bef0 (57 720 560)
00:00:03.857613   papLeds               <integer> = 0x000000000370ca50 (57 723 472)
00:00:03.857614   pmapMediumAttachments <integer> = 0x000000000370dd90 (57 728 400)
00:00:03.857615 
00:00:03.857615 [/Devices/serial/] (level 2)
00:00:03.857615 
00:00:03.857616 [/Devices/usb-ohci/] (level 2)
00:00:03.857616 
00:00:03.857616 [/Devices/usb-ohci/0/] (level 3)
00:00:03.857617   PCIBusNo      <integer> = 0x0000000000000000 (0)
00:00:03.857618   PCIDeviceNo   <integer> = 0x0000000000000006 (6)
00:00:03.857618   PCIFunctionNo <integer> = 0x0000000000000000 (0)
00:00:03.857619   Trusted       <integer> = 0x0000000000000001 (1)
00:00:03.857619 
00:00:03.857620 [/Devices/usb-ohci/0/Config/] (level 4)
00:00:03.857620 
00:00:03.857621 [/Devices/usb-ohci/0/LUN#0/] (level 4)
00:00:03.857621   Driver <string>  = "VUSBRootHub" (cb=12)
00:00:03.857622 
00:00:03.857622 [/Devices/usb-ohci/0/LUN#0/Config/] (level 5)
00:00:03.857623 
00:00:03.857623 [/Devices/usb-ohci/0/LUN#999/] (level 4)
00:00:03.857624   Driver <string>  = "MainStatus" (cb=11)
00:00:03.857624 
00:00:03.857624 [/Devices/usb-ohci/0/LUN#999/Config/] (level 5)
00:00:03.857625   First   <integer> = 0x0000000000000000 (0)
00:00:03.857626   Last    <integer> = 0x0000000000000000 (0)
00:00:03.857626   papLeds <integer> = 0x000000000370dd78 (57 728 376)
00:00:03.857627 
00:00:03.857627 [/Devices/vga/] (level 2)
00:00:03.857628 
00:00:03.857628 [/Devices/vga/0/] (level 3)
00:00:03.857629   PCIBusNo      <integer> = 0x0000000000000000 (0)
00:00:03.857629   PCIDeviceNo   <integer> = 0x0000000000000002 (2)
00:00:03.857630   PCIFunctionNo <integer> = 0x0000000000000000 (0)
00:00:03.857630   Trusted       <integer> = 0x0000000000000001 (1)
00:00:03.857631 
00:00:03.857631 [/Devices/vga/0/Config/] (level 4)
00:00:03.857632   3DEnabled          <integer> = 0x0000000000000000 (0)
00:00:03.857632   CustomVideoModes   <integer> = 0x0000000000000000 (0)
00:00:03.857633   FadeIn             <integer> = 0x0000000000000001 (1)
00:00:03.857634   FadeOut            <integer> = 0x0000000000000001 (1)
00:00:03.857634   HeightReduction    <integer> = 0x0000000000000000 (0)
00:00:03.857635   LogoFile           <string>  = "" (cb=1)
00:00:03.857635   LogoTime           <integer> = 0x0000000000000000 (0)
00:00:03.857636   MonitorCount       <integer> = 0x0000000000000001 (1)
00:00:03.857636   ShowBootMenu       <integer> = 0x0000000000000002 (2)
00:00:03.857637   VMSVGA3dEnabled    <integer> = 0x0000000000000000 (0)
00:00:03.857638   VMSVGAEnabled      <integer> = 0x0000000000000001 (1)
00:00:03.857638   VMSVGAPciBarLayout <integer> = 0x0000000000000001 (1)
00:00:03.857639   VMSVGAPciId        <integer> = 0x0000000000000001 (1)
00:00:03.857639   VRamSize           <integer> = 0x0000000001000000 (16 777 216, 16 MB)
00:00:03.857640 
00:00:03.857640 [/Devices/vga/0/LUN#0/] (level 4)
00:00:03.857641   Driver <string>  = "MainDisplay" (cb=12)
00:00:03.857642 
00:00:03.857642 [/Devices/vga/0/LUN#0/Config/] (level 5)
00:00:03.857643   Object <integer> = 0x00000000037c3370 (58 471 280)
00:00:03.857643 
00:00:03.857644 [/Devices/vga/0/LUN#999/] (level 4)
00:00:03.857644   Driver <string>  = "MainStatus" (cb=11)
00:00:03.857645 
00:00:03.857645 [/Devices/vga/0/LUN#999/Config/] (level 5)
00:00:03.857646   First   <integer> = 0x0000000000000000 (0)
00:00:03.857646   Last    <integer> = 0x0000000000000000 (0)
00:00:03.857647   papLeds <integer> = 0x000000000370dd88 (57 728 392)
00:00:03.857648 
00:00:03.857648 [/Devices/virtio-net/] (level 2)
00:00:03.857649 
00:00:03.857649 [/EM/] (level 1)
00:00:03.857649   TripleFaultReset <integer> = 0x0000000000000000 (0)
00:00:03.857650 
00:00:03.857650 [/GIM/] (level 1)
00:00:03.857651   Provider <string>  = "KVM" (cb=4)
00:00:03.857651 
00:00:03.857651 [/HM/] (level 1)
00:00:03.857653   64bitEnabled            <integer> = 0x0000000000000001 (1)
00:00:03.857653   EnableLargePages        <integer> = 0x0000000000000000 (0)
00:00:03.857654   EnableNestedPaging      <integer> = 0x0000000000000001 (1)
00:00:03.857654   EnableUX                <integer> = 0x0000000000000001 (1)
00:00:03.857655   EnableVPID              <integer> = 0x0000000000000001 (1)
00:00:03.857656   Exclusive               <integer> = 0x0000000000000000 (0)
00:00:03.857656   HMForced                <integer> = 0x0000000000000001 (1)
00:00:03.857657   IBPBOnVMEntry           <integer> = 0x0000000000000000 (0)
00:00:03.857658   IBPBOnVMExit            <integer> = 0x0000000000000000 (0)
00:00:03.857658   L1DFlushOnSched         <integer> = 0x0000000000000001 (1)
00:00:03.857659   L1DFlushOnVMEntry       <integer> = 0x0000000000000000 (0)
00:00:03.857659   LovelyMesaDrvWorkaround <integer> = 0x0000000000000001 (1)
00:00:03.857660   MDSClearOnSched         <integer> = 0x0000000000000001 (1)
00:00:03.857661   MDSClearOnVMEntry       <integer> = 0x0000000000000000 (0)
00:00:03.857661   SpecCtrlByHost          <integer> = 0x0000000000000000 (0)
00:00:03.857662   UseNEMInstead           <integer> = 0x0000000000000000 (0)
00:00:03.857662 
00:00:03.857663 [/MM/] (level 1)
00:00:03.857663   CanUseLargerHeap <integer> = 0x0000000000000000 (0)
00:00:03.857664 
00:00:03.857664 [/NEM/] (level 1)
00:00:03.857664   Allow64BitGuests        <integer> = 0x0000000000000001 (1)
00:00:03.857665   LovelyMesaDrvWorkaround <integer> = 0x0000000000000001 (1)
00:00:03.857665 
00:00:03.857666 [/PDM/] (level 1)
00:00:03.857666 
00:00:03.857666 [/PDM/AsyncCompletion/] (level 2)
00:00:03.857667 
00:00:03.857667 [/PDM/AsyncCompletion/File/] (level 3)
00:00:03.857668 
00:00:03.857668 [/PDM/AsyncCompletion/File/BwGroups/] (level 4)
00:00:03.857669 
00:00:03.857669 [/PDM/BlkCache/] (level 2)
00:00:03.857670   CacheSize <integer> = 0x0000000000500000 (5 242 880, 5 MB)
00:00:03.857671 
00:00:03.857671 [/PDM/Devices/] (level 2)
00:00:03.857672 
00:00:03.857672 [/PDM/Devices/VBoxEhci/] (level 3)
00:00:03.857672   Path         <string>  = "C:\Program Files\Oracle\VirtualBox\ExtensionPacks\Oracle_VM_VirtualBox_Extension_Pack\win.amd64\VBoxEhciR3.DLL" (cb=111)
00:00:03.857673   R0SearchPath <string>  = "C:\Program Files\Oracle\VirtualBox\ExtensionPacks\Oracle_VM_VirtualBox_Extension_Pack\win.amd64" (cb=96)
00:00:03.857674 
00:00:03.857674 [/PDM/Devices/VBoxNvme/] (level 3)
00:00:03.857675   Path         <string>  = "C:\Program Files\Oracle\VirtualBox\ExtensionPacks\Oracle_VM_VirtualBox_Extension_Pack\win.amd64\VBoxNvmeR3.DLL" (cb=111)
00:00:03.857676   R0SearchPath <string>  = "C:\Program Files\Oracle\VirtualBox\ExtensionPacks\Oracle_VM_VirtualBox_Extension_Pack\win.amd64" (cb=96)
00:00:03.857676 
00:00:03.857676 [/PDM/Drivers/] (level 2)
00:00:03.857677 
00:00:03.857677 [/PDM/Drivers/DrvHostWebcam/] (level 3)
00:00:03.857678   Path <string>  = "C:\Program Files\Oracle\VirtualBox\ExtensionPacks\Oracle_VM_VirtualBox_Extension_Pack\win.amd64\VBoxHostWebcam.DLL" (cb=115)
00:00:03.857679 
00:00:03.857679 [/PDM/Drivers/VBoxC/] (level 3)
00:00:03.857679   Path <string>  = "VBoxC" (cb=6)
00:00:03.857680 
00:00:03.857680 [/PDM/NetworkShaper/] (level 2)
00:00:03.857681 
00:00:03.857681 [/PDM/NetworkShaper/BwGroups/] (level 3)
00:00:03.857682 
00:00:03.857682 [/PDM/USB/] (level 2)
00:00:03.857682 
00:00:03.857683 [/PDM/USB/VBoxUsbCardReader/] (level 3)
00:00:03.857683   Path <string>  = "C:\Program Files\Oracle\VirtualBox\ExtensionPacks\Oracle_VM_VirtualBox_Extension_Pack\win.amd64\VBoxUsbCardReaderR3.DLL" (cb=120)
00:00:03.857684 
00:00:03.857684 [/PDM/USB/VBoxUsbWebcam/] (level 3)
00:00:03.857685   Path <string>  = "C:\Program Files\Oracle\VirtualBox\ExtensionPacks\Oracle_VM_VirtualBox_Extension_Pack\win.amd64\VBoxUsbWebcamR3.DLL" (cb=116)
00:00:03.857685 
00:00:03.857686 [/TM/] (level 1)
00:00:03.857686   UTCOffset <integer> = 0x0000000000000000 (0)
00:00:03.857687 
00:00:03.857687 [/USB/] (level 1)
00:00:03.857687 
00:00:03.857688 [/USB/HidMouse/] (level 2)
00:00:03.857688 
00:00:03.857688 [/USB/HidMouse/0/] (level 3)
00:00:03.857689 
00:00:03.857689 [/USB/HidMouse/0/Config/] (level 4)
00:00:03.857690   Mode <string>  = "absolute" (cb=9)
00:00:03.857690 
00:00:03.857691 [/USB/HidMouse/0/LUN#0/] (level 4)
00:00:03.857691   Driver <string>  = "MouseQueue" (cb=11)
00:00:03.857692 
00:00:03.857692 [/USB/HidMouse/0/LUN#0/AttachedDriver/] (level 5)
00:00:03.857693   Driver <string>  = "MainMouse" (cb=10)
00:00:03.857694 
00:00:03.857694 [/USB/HidMouse/0/LUN#0/AttachedDriver/Config/] (level 6)
00:00:03.857695   Object <integer> = 0x00000000037feba0 (58 715 040)
00:00:03.857695 
00:00:03.857696 [/USB/HidMouse/0/LUN#0/Config/] (level 5)
00:00:03.857696   QueueSize <integer> = 0x0000000000000080 (128)
00:00:03.857697 
00:00:03.857697 [/USB/USBProxy/] (level 2)
00:00:03.857698 
00:00:03.857698 [/USB/USBProxy/GlobalConfig/] (level 3)
00:00:03.857699 
00:00:03.857699 ********************* End of CFGM dump **********************
00:00:03.857744 HM: HMR3Init: VT-x w/ nested paging and unrestricted guest execution hw support
00:00:03.857805 MM: cbHyperHeap=0x200000 (2097152)
00:00:03.860819 CPUM: fXStateHostMask=0x7; initial: 0x7; host XCR0=0x7
00:00:03.861311 CPUM: Matched host CPU INTEL 0x6/0x3a/0x9 Intel_Core7_IvyBridge with CPU DB entry 'Intel Core i5-3570' (INTEL 0x6/0x3a/0x9 Intel_Core7_IvyBridge)
00:00:03.861349 CPUM: MXCSR_MASK=0xffff (host: 0xffff)
00:00:03.861358 CPUM: Microcode revision 0x00000021
00:00:03.861371 CPUM: MSR/CPUID reconciliation insert: 0x0000010b IA32_FLUSH_CMD
00:00:03.861542 PGM: Host paging mode: AMD64+PGE+NX
00:00:03.861550 PGM: PGMPool: cMaxPages=512 (u64MaxPages=288)
00:00:03.861553 PGM: pgmR3PoolInit: cMaxPages=0x200 cMaxUsers=0x400 cMaxPhysExts=0x400 fCacheEnable=true 
00:00:03.867080 TM: GIP - u32Mode=3 (Invariant) u32UpdateHz=93 u32UpdateIntervalNS=10741500 enmUseTscDelta=2 (Practically Zero) fGetGipCpu=0x1b cCpus=8
00:00:03.867093 TM: GIP - u64CpuHz=3 392 294 672 (0xca324f10)  SUPGetCpuHzFromGip => 3 392 294 672
00:00:03.867098 TM: GIP - CPU: iCpuSet=0x0 idCpu=0x0 idApic=0x0 iGipCpu=0x0 i64TSCDelta=0 enmState=3 u64CpuHz=3392294672(*) cErrors=0
00:00:03.867102 TM: GIP - CPU: iCpuSet=0x1 idCpu=0x1 idApic=0x1 iGipCpu=0x3 i64TSCDelta=0 enmState=3 u64CpuHz=3392293597(*) cErrors=0
00:00:03.867105 TM: GIP - CPU: iCpuSet=0x2 idCpu=0x2 idApic=0x2 iGipCpu=0x7 i64TSCDelta=0 enmState=3 u64CpuHz=3392294489(*) cErrors=0
00:00:03.867108 TM: GIP - CPU: iCpuSet=0x3 idCpu=0x3 idApic=0x3 iGipCpu=0x6 i64TSCDelta=0 enmState=3 u64CpuHz=3392294448(*) cErrors=0
00:00:03.867111 TM: GIP - CPU: iCpuSet=0x4 idCpu=0x4 idApic=0x4 iGipCpu=0x4 i64TSCDelta=0 enmState=3 u64CpuHz=3392294196(*) cErrors=0
00:00:03.867114 TM: GIP - CPU: iCpuSet=0x5 idCpu=0x5 idApic=0x5 iGipCpu=0x1 i64TSCDelta=0 enmState=3 u64CpuHz=3392284617(*) cErrors=0
00:00:03.867118 TM: GIP - CPU: iCpuSet=0x6 idCpu=0x6 idApic=0x6 iGipCpu=0x2 i64TSCDelta=0 enmState=3 u64CpuHz=3392288657(*) cErrors=0
00:00:03.867121 TM: GIP - CPU: iCpuSet=0x7 idCpu=0x7 idApic=0x7 iGipCpu=0x5 i64TSCDelta=0 enmState=3 u64CpuHz=3392294335(*) cErrors=0
00:00:03.867146 TM: cTSCTicksPerSecond=3 392 294 672 (0xca324f10) enmTSCMode=3 (Dynamic)
00:00:03.867148 TM: TSCTiedToExecution=false TSCNotTiedToHalt=false
00:00:03.867605 EMR3Init: fIemExecutesAll=false fGuruOnTripleFault=true 
00:00:03.867727 IEM: TargetCpu=CURRENT, Microarch=Intel_Core7_IvyBridge
00:00:03.867800 GIM: Using provider 'KVM' (Implementation version: 0)
00:00:03.867809 CPUM: SetGuestCpuIdFeature: Enabled Hypervisor Present bit
00:00:03.867866 AIOMgr: Default manager type is 'Async'
00:00:03.867871 AIOMgr: Default file backend is 'NonBuffered'
00:00:03.868011 BlkCache: Cache successfully initialized. Cache size is 5242880 bytes
00:00:03.868067 BlkCache: Cache commit interval is 10000 ms
00:00:03.868074 BlkCache: Cache commit threshold is 2621440 bytes
00:00:04.824809 PcBios: [SMP] BIOS with 1 CPUs
00:00:04.824830 PcBios: Using the 386+ BIOS image.
00:00:04.824881 PcBios: MPS table at 000e1300
00:00:04.827714 PcBios: Using LAN ROM 'C:\Program Files\Oracle\VirtualBox\ExtensionPacks\Oracle_VM_VirtualBox_Extension_Pack\PXE-Intel.rom' with a size of 0xc000 bytes
00:00:04.827834 PcBios: fCheckShutdownStatusForSoftReset=true   fClearShutdownStatusOnHardReset=true 
00:00:04.861998 SUP: Opened VBoxDDR0.r0 (C:\Program Files\Oracle\VirtualBox\VBoxDDR0.r0) at 0xXXXXXXXXXXXXXXXX loaded by the native ring-0 loader.
00:00:04.862006 SUP: windbg> .reload /f C:\Program Files\Oracle\VirtualBox\VBoxDDR0.r0=0xXXXXXXXXXXXXXXXX
00:00:04.862207 CPUM: SetGuestCpuIdFeature: Enabled xAPIC
00:00:04.862213 CPUM: SetGuestCpuIdFeature: Enabled x2APIC
00:00:04.862403 IOAPIC: Using implementation 2.0! Chipset type ICH9
00:00:04.862449 PIT: mode=3 count=0x10000 (65536) - 18.20 Hz (ch=0)
00:00:04.862700 VMMDev: cbDefaultBudget: 132 359 040 (7e3a380)
00:00:04.892327 Shared Folders service loaded
00:00:04.915586 Guest Control service loaded
00:00:04.945429 VGA: Using the 386+ BIOS image.
00:00:04.947707 VD: VDInit finished with VINF_SUCCESS
00:00:04.999918 DrvVD: Flushes will be ignored
00:00:04.999925 DrvVD: Async flushes will be passed to the disk
00:00:05.172690 AIOMgr: Endpoint for file 'D:\WORKFOLDER  ASJ\ASJ-WORKFOLDER\PERTEMUAN SENIN 8 JANUARI 2024\Initiator_Server\debian11-disk001.vdi' (flags 000c0723) created successfully
00:00:05.201139 VD: Opening the disk took 200316558 ns
00:00:05.201224 AHCI: LUN#0: disk, PCHS=16383/16/63, total number of sectors 20971520
00:00:05.201459 AHCI#0: Reset the HBA
00:00:05.201467 VD#0: Cancelling all active requests
00:00:05.204353 PIIX3 ATA: LUN#0: no unit
00:00:05.204361 PIIX3 ATA: LUN#1: no unit
00:00:05.204396 DrvVD: Flushes will be ignored
00:00:05.204401 DrvVD: Async flushes will be passed to the disk
00:00:05.204424 PIIX3 ATA: LUN#2: CD/DVD, total number of sectors 0, passthrough disabled
00:00:05.204479 PIIX3 ATA: LUN#3: no unit
00:00:05.204495 PIIX3 ATA: Ctl#0: finished processing RESET
00:00:05.204507 PIIX3 ATA: Ctl#1: finished processing RESET
00:00:05.204579 E1000#0: Chip=82540EM LinkUpDelay=3000ms EthernetCRC=on GSO=enabled Itr=disabled ItrRx=enabled TID=disabled R0=enabled RC=disabled
00:00:05.204691 IntNet#0: szNetwork={HostInterfaceNetworking-Intel(R) 82579LM Gigabit Network Connection} enmTrunkType=3 szTrunk={\DEVICE\{DE12752B-D7B9-442B-93F4-2C6FA6BB72F2}} fFlags=0x8000 cbRecv=325632 cbSend=196608 fIgnoreConnectFailure=false
00:00:05.205049 AC97: Using codec 'AD1980'
00:00:05.231237 WasAPI: Failed to get audio input device '{Default}': ERROR_NOT_FOUND 0x80070490
00:00:05.237787 Audio: Found 2 devices for driver 'WasAPI'
00:00:05.237806 Audio: Device 'Speakers (2- High Definition Audio Device)':
00:00:05.237806 Audio:   ID              = {0.0.0.00000000}.{07ef632e-d318-4958-b40b-48f3895f0c51}
00:00:05.237807 Audio:   Usage           = output
00:00:05.237807 Audio:   Flags           = DEFAULT_OUT
00:00:05.237808 Audio:   Input channels  = 0
00:00:05.237808 Audio:   Output channels = 2
00:00:05.237811 Audio: Device 'Speakers (2- High Definition Audio Device)':
00:00:05.237812 Audio:   ID              = {0.0.0.00000000}.{07ef632e-d318-4958-b40b-48f3895f0c51}
00:00:05.237812 Audio:   Usage           = output
00:00:05.237812 Audio:   Flags           = NONE
00:00:05.237813 Audio:   Input channels  = 0
00:00:05.237813 Audio:   Output channels = 2
00:00:05.238019 AC97: Reset
00:00:05.238025 AC97: Mixer reset (EAID=0x809, EACS=0x9)
00:00:05.238029 AC97: Record select to left=mic, right=mic
00:00:05.238602 VUSB: Attached 'HidMouse' to port 1 on RootHub#0 (FullSpeed)
00:00:05.238626 PGM: The CPU physical address width is 36 bits
00:00:05.238633 PGM: PGMR3InitFinalize: 4 MB PSE mask 0000000fffffffff -> VINF_SUCCESS
00:00:05.238770 TM: TMR3InitFinalize: fTSCModeSwitchAllowed=true 
00:00:05.238886 VMM: Thread-context hooks unavailable
00:00:05.238892 VMM: RTThreadPreemptIsPending() can be trusted
00:00:05.238894 VMM: Kernel preemption is possible
00:00:05.238904 HM: fWorldSwitcher=0x0 (fIbpbOnVmExit=false fIbpbOnVmEntry=false fL1dFlushOnVmEntry=false); fL1dFlushOnSched=true  fMdsClearOnVmEntry=false
00:00:05.238909 HM: Using VT-x implementation 3.0
00:00:05.238911 HM: Max resume loops                  = 8192
00:00:05.238912 HM: Host CR4                          = 0x1506f8
00:00:05.238913 HM: Host EFER                         = 0xd01
00:00:05.238914 HM: MSR_IA32_SMM_MONITOR_CTL          = 0x0
00:00:05.238914 HM: MSR_IA32_FEATURE_CONTROL          = 0x5
00:00:05.238915 HM:   LOCK
00:00:05.238915 HM:   VMXON
00:00:05.238915 HM: MSR_IA32_VMX_BASIC                = 0xda040000000010
00:00:05.238916 HM:   VMCS id                           = 0x10
00:00:05.238917 HM:   VMCS size                         = 1024 bytes
00:00:05.238917 HM:   VMCS physical address limit       = None
00:00:05.238918 HM:   VMCS memory type                  = Write Back (WB)
00:00:05.238918 HM:   Dual-monitor treatment support    = true 
00:00:05.238919 HM:   OUTS & INS instruction-info       = true 
00:00:05.238919 HM:   Supports true-capability MSRs     = true 
00:00:05.238920 HM:   VM-entry Xcpt error-code optional = false
00:00:05.238921 HM: MSR_IA32_VMX_PINBASED_CTLS        = 0x7f00000016
00:00:05.238922 HM:   EXT_INT_EXIT
00:00:05.238922 HM:   NMI_EXIT
00:00:05.238923 HM:   VIRTUAL_NMI
00:00:05.238923 HM:   PREEMPT_TIMER
00:00:05.238923 HM:   POSTED_INT (must be cleared)
00:00:05.238924 HM: MSR_IA32_VMX_PROCBASED_CTLS       = 0xfff9fffe0401e172
00:00:05.238925 HM:   INT_WINDOW_EXIT
00:00:05.238925 HM:   USE_TSC_OFFSETTING
00:00:05.238925 HM:   HLT_EXIT
00:00:05.238926 HM:   INVLPG_EXIT
00:00:05.238926 HM:   MWAIT_EXIT
00:00:05.238926 HM:   RDPMC_EXIT
00:00:05.238927 HM:   RDTSC_EXIT
00:00:05.238927 HM:   CR3_LOAD_EXIT (must be set)
00:00:05.238927 HM:   CR3_STORE_EXIT (must be set)
00:00:05.238927 HM:   CR8_LOAD_EXIT
00:00:05.238928 HM:   CR8_STORE_EXIT
00:00:05.238928 HM:   USE_TPR_SHADOW
00:00:05.238928 HM:   NMI_WINDOW_EXIT
00:00:05.238930 HM:   MOV_DR_EXIT
00:00:05.238930 HM:   UNCOND_IO_EXIT
00:00:05.238930 HM:   USE_IO_BITMAPS
00:00:05.238931 HM:   MONITOR_TRAP_FLAG
00:00:05.238931 HM:   USE_MSR_BITMAPS
00:00:05.238931 HM:   MONITOR_EXIT
00:00:05.238932 HM:   PAUSE_EXIT
00:00:05.238932 HM:   USE_SECONDARY_CTLS
00:00:05.238933 HM: MSR_IA32_VMX_PROCBASED_CTLS2      = 0x8ff00000000
00:00:05.238934 HM:   VIRT_APIC_ACCESS
00:00:05.238934 HM:   EPT
00:00:05.238935 HM:   DESC_TABLE_EXIT
00:00:05.238935 HM:   RDTSCP
00:00:05.238936 HM:   VIRT_X2APIC_MODE
00:00:05.238936 HM:   VPID
00:00:05.238936 HM:   WBINVD_EXIT
00:00:05.238936 HM:   UNRESTRICTED_GUEST
00:00:05.238937 HM:   APIC_REG_VIRT (must be cleared)
00:00:05.238937 HM:   VIRT_INT_DELIVERY (must be cleared)
00:00:05.238937 HM:   PAUSE_LOOP_EXIT (must be cleared)
00:00:05.238938 HM:   RDRAND_EXIT
00:00:05.238938 HM:   INVPCID (must be cleared)
00:00:05.238938 HM:   VMFUNC (must be cleared)
00:00:05.238939 HM:   VMCS_SHADOWING (must be cleared)
00:00:05.238939 HM:   ENCLS_EXIT (must be cleared)
00:00:05.238939 HM:   RDSEED_EXIT (must be cleared)
00:00:05.238940 HM:   PML (must be cleared)
00:00:05.238940 HM:   EPT_VE (must be cleared)
00:00:05.238940 HM:   CONCEAL_VMX_FROM_PT (must be cleared)
00:00:05.238941 HM:   XSAVES_XRSTORS (must be cleared)
00:00:05.238941 HM:   MODE_BASED_EPT_PERM (must be cleared)
00:00:05.238941 HM:   SPPTP_EPT (must be cleared)
00:00:05.238942 HM:   PT_EPT (must be cleared)
00:00:05.238942 HM:   TSC_SCALING (must be cleared)
00:00:05.238942 HM:   USER_WAIT_PAUSE (must be cleared)
00:00:05.238943 HM:   ENCLV_EXIT (must be cleared)
00:00:05.238943 HM: MSR_IA32_VMX_ENTRY_CTLS           = 0xffff000011ff
00:00:05.238944 HM:   LOAD_DEBUG (must be set)
00:00:05.238944 HM:   IA32E_MODE_GUEST
00:00:05.238944 HM:   ENTRY_TO_SMM
00:00:05.238944 HM:   DEACTIVATE_DUAL_MON
00:00:05.238945 HM:   LOAD_PERF_MSR
00:00:05.238945 HM:   LOAD_PAT_MSR
00:00:05.238945 HM:   LOAD_EFER_MSR
00:00:05.238946 HM:   LOAD_BNDCFGS_MSR (must be cleared)
00:00:05.238946 HM:   CONCEAL_VMX_FROM_PT (must be cleared)
00:00:05.238946 HM:   LOAD_RTIT_CTL_MSR (must be cleared)
00:00:05.238947 HM: MSR_IA32_VMX_EXIT_CTLS            = 0x7fffff00036dff
00:00:05.238947 HM:   SAVE_DEBUG (must be set)
00:00:05.238949 HM:   HOST_ADDR_SPACE_SIZE
00:00:05.238949 HM:   LOAD_PERF_MSR
00:00:05.238949 HM:   ACK_EXT_INT
00:00:05.238950 HM:   SAVE_PAT_MSR
00:00:05.238950 HM:   LOAD_PAT_MSR
00:00:05.238950 HM:   SAVE_EFER_MSR
00:00:05.238950 HM:   LOAD_EFER_MSR
00:00:05.238951 HM:   SAVE_PREEMPT_TIMER
00:00:05.238951 HM:   CLEAR_BNDCFGS_MSR (must be cleared)
00:00:05.238951 HM:   CONCEAL_VMX_FROM_PT (must be cleared)
00:00:05.238952 HM:   CLEAR_RTIT_CTL_MSR (must be cleared)
00:00:05.238952 HM: MSR_IA32_VMX_TRUE_PINBASED_CTLS   = 0x7f00000016
00:00:05.238953 HM: MSR_IA32_VMX_TRUE_PROCBASED_CTLS  = 0xfff9fffe04006172
00:00:05.238953 HM: MSR_IA32_VMX_TRUE_ENTRY_CTLS      = 0xffff000011fb
00:00:05.238954 HM: MSR_IA32_VMX_TRUE_EXIT_CTLS       = 0x7fffff00036dfb
00:00:05.238955 HM: MSR_IA32_VMX_MISC                 = 0x100401e5
00:00:05.238955 HM:   PREEMPT_TIMER_TSC                 = 0x5
00:00:05.238956 HM:   EXIT_SAVE_EFER_LMA                = true 
00:00:05.238956 HM:   ACTIVITY_STATES                   = 0x7 ( HLT SHUTDOWN SIPI_WAIT )
00:00:05.238957 HM:   INTEL_PT                          = false
00:00:05.238957 HM:   SMM_READ_SMBASE_MSR               = false
00:00:05.238958 HM:   CR3_TARGET                        = 0x4
00:00:05.238958 HM:   MAX_MSR                           = 0x0 ( 512 )
00:00:05.238959 HM:   VMXOFF_BLOCK_SMI                  = true 
00:00:05.238959 HM:   VMWRITE_ALL                       = false
00:00:05.238959 HM:   ENTRY_INJECT_SOFT_INT             = 0x0
00:00:05.238960 HM:   MSEG_ID                           = 0x0
00:00:05.238960 HM: MSR_IA32_VMX_VMCS_ENUM            = 0x2a
00:00:05.238961 HM:   HIGHEST_IDX                       = 0x15
00:00:05.238961 HM: MSR_IA32_VMX_EPT_VPID_CAP         = 0xf0106114141
00:00:05.238962 HM:   RWX_X_ONLY
00:00:05.238962 HM:   PAGE_WALK_LENGTH_4
00:00:05.238962 HM:   EMT_UC
00:00:05.238962 HM:   EMT_WB
00:00:05.238963 HM:   PDE_2M
00:00:05.238963 HM:   INVEPT
00:00:05.238963 HM:   INVEPT_SINGLE_CONTEXT
00:00:05.238963 HM:   INVEPT_ALL_CONTEXTS
00:00:05.238964 HM:   INVVPID
00:00:05.238964 HM:   INVVPID_INDIV_ADDR
00:00:05.238964 HM:   INVVPID_SINGLE_CONTEXT
00:00:05.238965 HM:   INVVPID_ALL_CONTEXTS
00:00:05.238965 HM:   INVVPID_SINGLE_CONTEXT_RETAIN_GLOBALS
00:00:05.238965 HM: MSR_IA32_VMX_CR0_FIXED0           = 0x80000021
00:00:05.238966 HM: MSR_IA32_VMX_CR0_FIXED1           = 0xffffffff
00:00:05.238966 HM: MSR_IA32_VMX_CR4_FIXED0           = 0x2000
00:00:05.238967 HM: MSR_IA32_VMX_CR4_FIXED1           = 0x1767ff
00:00:05.238967 HM: APIC-access page physaddr         = 0x00000000a4481000
00:00:05.238968 HM: VCPU  0: MSR bitmap physaddr      = 0x0000000099285000
00:00:05.238969 HM: VCPU  0: VMCS physaddr            = 0x000000007b282000
00:00:05.238970 HM: Guest support: 32-bit and 64-bit
00:00:05.238974 HM: Supports VMCS EFER fields         = true 
00:00:05.238975 HM: Enabled VMX
00:00:05.238978 CPUM: SetGuestCpuIdFeature: Enabled SYSENTER/EXIT
00:00:05.238978 CPUM: SetGuestCpuIdFeature: Enabled PAE
00:00:05.238979 CPUM: SetGuestCpuIdFeature: Enabled LONG MODE
00:00:05.238979 CPUM: SetGuestCpuIdFeature: Enabled SYSCALL/RET
00:00:05.238980 CPUM: SetGuestCpuIdFeature: Enabled LAHF/SAHF
00:00:05.238980 CPUM: SetGuestCpuIdFeature: Enabled NX
00:00:05.238980 HM: Enabled nested paging
00:00:05.238981 HM:   EPT flush type                  = Single context
00:00:05.238981 HM: Enabled unrestricted guest execution
00:00:05.238981 HM: Enabled VPID
00:00:05.238982 HM:   VPID flush type                 = Single context
00:00:05.238982 HM: Enabled VMX-preemption timer (cPreemptTimerShift=5)
00:00:05.238983 HM: VT-x/AMD-V init method: Local
00:00:05.238984 EM: Exit history optimizations: enabled=true  enabled-r0=true  enabled-r0-no-preemption=false
00:00:05.239050 PcBios: SATA LUN#0 LCHS=1024/255/63
00:00:05.239061 APIC: fPostedIntrsEnabled=false fVirtApicRegsEnabled=false fSupportsTscDeadline=false
00:00:05.239066 TMR3UtcNow: nsNow=1 704 687 060 637 945 400 nsPrev=0 -> cNsDelta=1 704 687 060 637 945 400 (offLag=0 offVirtualSync=0 offVirtualSyncGivenUp=0, NowAgain=1 704 687 060 637 945 400)
00:00:05.239075 VMM: fUsePeriodicPreemptionTimers=false
00:00:05.239081 CPUM: Logical host processors: 8 present, 8 max, 8 online, online mask: 00000000000000ff
00:00:05.239083 CPUM: Physical host cores: 4
00:00:05.239083 ************************* CPUID dump ************************
00:00:05.239087          Raw Standard CPUID Leaves
00:00:05.239087      Leaf/sub-leaf  eax      ebx      ecx      edx
00:00:05.239089 Gst: 00000000/0000  0000000d 756e6547 6c65746e 49656e69
00:00:05.239090 Hst:                0000000d 756e6547 6c65746e 49656e69
00:00:05.239091 Gst: 00000001/0000  000306a9 00010800 d6ba220b 178bfbff
00:00:05.239092 Hst:                000306a9 04100800 7fbae3ff bfebfbff
00:00:05.239093 Gst: 00000002/0000  76035a01 00f0b2ff 00000000 00ca0000
00:00:05.239094 Hst:                76035a01 00f0b2ff 00000000 00ca0000
00:00:05.239095 Gst: 00000003/0000  00000000 00000000 00000000 00000000
00:00:05.239095 Hst:                00000000 00000000 00000000 00000000
00:00:05.239096 Gst: 00000004/0000  00000121 01c0003f 0000003f 00000000
00:00:05.239097 Hst:                1c004121 01c0003f 0000003f 00000000
00:00:05.239098 Gst: 00000004/0001  00000122 01c0003f 0000003f 00000000
00:00:05.239098 Hst:                1c004122 01c0003f 0000003f 00000000
00:00:05.239099 Gst: 00000004/0002  00000143 01c0003f 000001ff 00000000
00:00:05.239100 Hst:                1c004143 01c0003f 000001ff 00000000
00:00:05.239101 Gst: 00000004/0003  00000163 03c0003f 00001fff 00000006
00:00:05.239102 Hst:                1c03c163 03c0003f 00001fff 00000006
00:00:05.239102 Gst: 00000004/0004  00000000 00000000 00000000 00000000
00:00:05.239103 Hst:                00000000 00000000 00000000 00000000
00:00:05.239103 Gst: 00000005/0000  00000040 00000040 00000000 00000000
00:00:05.239104 Hst:                00000040 00000040 00000003 00001120
00:00:05.239105 Gst: 00000006/0000  00000000 00000000 00000000 00000000
00:00:05.239106 Hst:                00000077 00000002 00000009 00000000
00:00:05.239106 Gst: 00000007/0000  00000000 00000001 00000000 10000400
00:00:05.239107 Hst:                00000000 00000281 00000000 9c000400
00:00:05.239107 Gst: 00000007/0001  00000000 00000000 00000000 00000000
00:00:05.239108 Hst:                00000000 00000000 00000000 00000000
00:00:05.239109 Gst: 00000008/0000  00000000 00000000 00000000 00000000
00:00:05.239109 Hst:                00000000 00000000 00000000 00000000
00:00:05.239110 Gst: 00000009/0000  00000000 00000000 00000000 00000000
00:00:05.239110 Hst:                00000000 00000000 00000000 00000000
00:00:05.239111 Gst: 0000000a/0000  00000000 00000000 00000000 00000000
00:00:05.239111 Hst:                07300403 00000000 00000000 00000603
00:00:05.239112 Gst: 0000000b/0000  00000000 00000001 00000100 00000000
00:00:05.239113 Hst:                00000001 00000002 00000100 00000004
00:00:05.239113 Gst: 0000000b/0001  00000001 00000001 00000201 00000000
00:00:05.239114 Hst:                00000004 00000008 00000201 00000004
00:00:05.239115 Gst: 0000000b/0002  00000000 00000000 00000002 00000000
00:00:05.239115 Hst:                00000000 00000000 00000002 00000004
00:00:05.239116 Gst: 0000000c/0000  00000000 00000000 00000000 00000000
00:00:05.239116 Hst:                00000000 00000000 00000000 00000000
00:00:05.239117 Gst: 0000000d/0000  00000007 00000340 00000340 00000000
00:00:05.239117 Hst:                00000007 00000340 00000340 00000000
00:00:05.239118 Gst: 0000000d/0001  00000000 00000000 00000000 00000000
00:00:05.239119 Hst:                00000001 00000000 00000000 00000000
00:00:05.239119 Gst: 0000000d/0002  00000100 00000240 00000000 00000000
00:00:05.239120 Hst:                00000100 00000240 00000000 00000000
00:00:05.239120 Gst: 0000000d/0003  00000000 00000000 00000000 00000000
00:00:05.239121 Hst:                00000000 00000000 00000000 00000000
00:00:05.239133                                Name: GenuineIntel
00:00:05.239134                            Supports: 0x00000000-0x0000000d
00:00:05.239136                              Family:  6 	Extended: 0 	Effective: 6
00:00:05.239137                               Model: 10 	Extended: 3 	Effective: 58
00:00:05.239138                            Stepping: 9
00:00:05.239138                                Type: 0 (primary)
00:00:05.239139                             APIC ID: 0x00
00:00:05.239140                        Logical CPUs: 1
00:00:05.239140                        CLFLUSH Size: 8
00:00:05.239141                            Brand ID: 0x00
00:00:05.239141 Features
00:00:05.239142   Mnemonic - Description                                  = guest (host)
00:00:05.239143   FPU - x87 FPU on Chip                                   = 1 (1)
00:00:05.239145   VME - Virtual 8086 Mode Enhancements                    = 1 (1)
00:00:05.239146   DE - Debugging extensions                               = 1 (1)
00:00:05.239147   PSE - Page Size Extension                               = 1 (1)
00:00:05.239147   TSC - Time Stamp Counter                                = 1 (1)
00:00:05.239148   MSR - Model Specific Registers                          = 1 (1)
00:00:05.239149   PAE - Physical Address Extension                        = 1 (1)
00:00:05.239150   MCE - Machine Check Exception                           = 1 (1)
00:00:05.239151   CX8 - CMPXCHG8B instruction                             = 1 (1)
00:00:05.239152   APIC - APIC On-Chip                                     = 1 (1)
00:00:05.239153   SEP - SYSENTER and SYSEXIT Present                      = 1 (1)
00:00:05.239153   MTRR - Memory Type Range Registers                      = 1 (1)
00:00:05.239154   PGE - PTE Global Bit                                    = 1 (1)
00:00:05.239155   MCA - Machine Check Architecture                        = 1 (1)
00:00:05.239156   CMOV - Conditional Move instructions                    = 1 (1)
00:00:05.239157   PAT - Page Attribute Table                              = 1 (1)
00:00:05.239157   PSE-36 - 36-bit Page Size Extension                     = 1 (1)
00:00:05.239158   PSN - Processor Serial Number                           = 0 (0)
00:00:05.239159   CLFSH - CLFLUSH instruction                             = 1 (1)
00:00:05.239160   DS - Debug Store                                        = 0 (1)
00:00:05.239161   ACPI - Thermal Mon. & Soft. Clock Ctrl.                 = 0 (1)
00:00:05.239162   MMX - Intel MMX Technology                              = 1 (1)
00:00:05.239162   FXSR - FXSAVE and FXRSTOR instructions                  = 1 (1)
00:00:05.239163   SSE - SSE support                                       = 1 (1)
00:00:05.239164   SSE2 - SSE2 support                                     = 1 (1)
00:00:05.239165   SS - Self Snoop                                         = 0 (1)
00:00:05.239166   HTT - Hyper-Threading Technology                        = 1 (1)
00:00:05.239167   TM - Therm. Monitor                                     = 0 (1)
00:00:05.239167   PBE - Pending Break Enabled                             = 0 (1)
00:00:05.239168   SSE3 - SSE3 support                                     = 1 (1)
00:00:05.239169   PCLMUL - PCLMULQDQ support (for AES-GCM)                = 1 (1)
00:00:05.239170   DTES64 - DS Area 64-bit Layout                          = 0 (1)
00:00:05.239171   MONITOR - MONITOR/MWAIT instructions                    = 1 (1)
00:00:05.239171   CPL-DS - CPL Qualified Debug Store                      = 0 (1)
00:00:05.239172   VMX - Virtual Machine Extensions                        = 0 (1)
00:00:05.239173   SMX - Safer Mode Extensions                             = 0 (1)
00:00:05.239174   EST - Enhanced SpeedStep Technology                     = 0 (1)
00:00:05.239175   TM2 - Terminal Monitor 2                                = 0 (1)
00:00:05.239175   SSSE3 - Supplemental Streaming SIMD Extensions 3        = 1 (1)
00:00:05.239176   CNTX-ID - L1 Context ID                                 = 0 (0)
00:00:05.239177   SDBG - Silicon Debug interface                          = 0 (0)
00:00:05.239178   FMA - Fused Multiply Add extensions                     = 0 (0)
00:00:05.239178   CX16 - CMPXCHG16B instruction                           = 1 (1)
00:00:05.239179   TPRUPDATE - xTPR Update Control                         = 0 (1)
00:00:05.239180   PDCM - Perf/Debug Capability MSR                        = 0 (1)
00:00:05.239181   PCID - Process Context Identifiers                      = 1 (1)
00:00:05.239182   DCA - Direct Cache Access                               = 0 (0)
00:00:05.239182   SSE4_1 - SSE4_1 support                                 = 1 (1)
00:00:05.239183   SSE4_2 - SSE4_2 support                                 = 1 (1)
00:00:05.239184   X2APIC - x2APIC support                                 = 1 (1)
00:00:05.239185   MOVBE - MOVBE instruction                               = 0 (0)
00:00:05.239186   POPCNT - POPCNT instruction                             = 1 (1)
00:00:05.239187   TSCDEADL - Time Stamp Counter Deadline                  = 0 (1)
00:00:05.239187   AES - AES instructions                                  = 1 (1)
00:00:05.239188   XSAVE - XSAVE instruction                               = 1 (1)
00:00:05.239189   OSXSAVE - OSXSAVE instruction                           = 0 (1)
00:00:05.239190   AVX - AVX support                                       = 1 (1)
00:00:05.239191   F16C - 16-bit floating point conversion instructions    = 0 (1)
00:00:05.239191   RDRAND - RDRAND instruction                             = 1 (1)
00:00:05.239192   HVP - Hypervisor Present (we're a guest)                = 1 (0)
00:00:05.239193 Structured Extended Feature Flags Enumeration (leaf 7):
00:00:05.239193   Mnemonic - Description                                  = guest (host)
00:00:05.239194   FSGSBASE - RDFSBASE/RDGSBASE/WRFSBASE/WRGSBASE instr.   = 1 (1)
00:00:05.239194   TSCADJUST - Supports MSR_IA32_TSC_ADJUST                = 0 (0)
00:00:05.239195   SGX - Supports Software Guard Extensions                = 0 (0)
00:00:05.239196   BMI1 - Advanced Bit Manipulation extension 1            = 0 (0)
00:00:05.239197   HLE - Hardware Lock Elision                             = 0 (0)
00:00:05.239197   AVX2 - Advanced Vector Extensions 2                     = 0 (0)
00:00:05.239198   FDP_EXCPTN_ONLY - FPU DP only updated on exceptions     = 0 (0)
00:00:05.239199   SMEP - Supervisor Mode Execution Prevention             = 0 (1)
00:00:05.239199   BMI2 - Advanced Bit Manipulation extension 2            = 0 (0)
00:00:05.239200   ERMS - Enhanced REP MOVSB/STOSB instructions            = 0 (1)
00:00:05.239201   INVPCID - INVPCID instruction                           = 0 (0)
00:00:05.239202   RTM - Restricted Transactional Memory                   = 0 (0)
00:00:05.239202   PQM - Platform Quality of Service Monitoring            = 0 (0)
00:00:05.239203   DEPFPU_CS_DS - Deprecates FPU CS, FPU DS values if set  = 0 (0)
00:00:05.239204   MPE - Intel Memory Protection Extensions                = 0 (0)
00:00:05.239204   PQE - Platform Quality of Service Enforcement           = 0 (0)
00:00:05.239205   AVX512F - AVX512 Foundation instructions                = 0 (0)
00:00:05.239206   RDSEED - RDSEED instruction                             = 0 (0)
00:00:05.239206   ADX - ADCX/ADOX instructions                            = 0 (0)
00:00:05.239207   SMAP - Supervisor Mode Access Prevention                = 0 (0)
00:00:05.239208   CLFLUSHOPT - CLFLUSHOPT (Cache Line Flush) instruction  = 0 (0)
00:00:05.239209   INTEL_PT - Intel Processor Trace                        = 0 (0)
00:00:05.239209   AVX512PF - AVX512 Prefetch instructions                 = 0 (0)
00:00:05.239210   AVX512ER - AVX512 Exponential & Reciprocal instructions = 0 (0)
00:00:05.239211   AVX512CD - AVX512 Conflict Detection instructions       = 0 (0)
00:00:05.239211   SHA - Secure Hash Algorithm extensions                  = 0 (0)
00:00:05.239212   PREFETCHWT1 - PREFETCHWT1 instruction                   = 0 (0)
00:00:05.239213   UMIP - User mode insturction prevention                 = 0 (0)
00:00:05.239214   PKU - Protection Key for Usermode pages                 = 0 (0)
00:00:05.239214   OSPKE - CR4.PKU mirror                                  = 0 (0)
00:00:05.239215   MAWAU - Value used by BNDLDX & BNDSTX                   = 0x0 (0x0)
00:00:05.239216   RDPID - Read processor ID support                       = 0 (0)
00:00:05.239217   SGX_LC - Supports SGX Launch Configuration              = 0 (0)
00:00:05.239218   MD_CLEAR - Supports MDS related buffer clearing         = 1 (1)
00:00:05.239218   IBRS_IBPB - IA32_SPEC_CTRL.IBRS and IA32_PRED_CMD.IBPB  = 0 (1)
00:00:05.239219   STIBP - Supports IA32_SPEC_CTRL.STIBP                   = 0 (1)
00:00:05.239220   FLUSH_CMD - Supports IA32_FLUSH_CMD                     = 1 (1)
00:00:05.239220   ARCHCAP - Supports IA32_ARCH_CAP                        = 0 (0)
00:00:05.239221   CORECAP - Supports IA32_CORE_CAP                        = 0 (0)
00:00:05.239222   SSBD - Supports IA32_SPEC_CTRL.SSBD                     = 0 (1)
00:00:05.239223 Processor Extended State Enumeration (leaf 0xd):
00:00:05.239224    XSAVE area cur/max size by XCR0, guest: 0x340/0x340
00:00:05.239224     XSAVE area cur/max size by XCR0, host: 0x340/0x340
00:00:05.239225                    Valid XCR0 bits, guest: 0x00000000`00000007 ( x87 SSE YMM_Hi128 )
00:00:05.239226                     Valid XCR0 bits, host: 0x00000000`00000007 ( x87 SSE YMM_Hi128 )
00:00:05.239228                     XSAVE features, guest:
00:00:05.239228                      XSAVE features, host: XSAVEOPT
00:00:05.239229       XSAVE area cur size XCR0|XSS, guest: 0x0
00:00:05.239230        XSAVE area cur size XCR0|XSS, host: 0x0
00:00:05.239230                Valid IA32_XSS bits, guest: 0x00000000`00000000
00:00:05.239231                 Valid IA32_XSS bits, host: 0x00000000`00000000
00:00:05.239231   State #2, guest: off=0x0240, cb=0x0100 IA32_XSS-bit -- YMM_Hi128
00:00:05.239233   State #2, host:  off=0x0240, cb=0x0100 IA32_XSS-bit -- YMM_Hi128
00:00:05.239239          Raw Hypervisor CPUID Leaves
00:00:05.239240      Leaf/sub-leaf  eax      ebx      ecx      edx
00:00:05.239240 Gst: 40000000/0000  40000001 4b4d564b 564b4d56 0000004d
00:00:05.239241 Hst:                00000007 00000340 00000340 00000000
00:00:05.239242 Gst: 40000001/0000  01000089 00000000 00000000 00000000
00:00:05.239242 Hst:                00000007 00000340 00000340 00000000
00:00:05.239243          Raw Extended CPUID Leaves
00:00:05.239243      Leaf/sub-leaf  eax      ebx      ecx      edx
00:00:05.239244 Gst: 80000000/0000  80000008 00000000 00000000 00000000
00:00:05.239244 Hst:                80000008 00000000 00000000 00000000
00:00:05.239245 Gst: 80000001/0000  00000000 00000000 00000001 28100800
00:00:05.239246 Hst:                00000000 00000000 00000001 28100800
00:00:05.239247 Gst: 80000002/0000  20202020 20202020 65746e49 2952286c
00:00:05.239248 Hst:                20202020 20202020 65746e49 2952286c
00:00:05.239249 Gst: 80000003/0000  726f4320 4d542865 37692029 3737332d
00:00:05.239250 Hst:                726f4320 4d542865 37692029 3737332d
00:00:05.239251 Gst: 80000004/0000  50432030 20402055 30342e33 007a4847
00:00:05.239251 Hst:                50432030 20402055 30342e33 007a4847
00:00:05.239252 Gst: 80000005/0000  00000000 00000000 00000000 00000000
00:00:05.239253 Hst:                00000000 00000000 00000000 00000000
00:00:05.239253 Gst: 80000006/0000  00000000 00000000 01006040 00000000
00:00:05.239254 Hst:                00000000 00000000 01006040 00000000
00:00:05.239255 Gst: 80000007/0000  00000000 00000000 00000000 00000100
00:00:05.239255 Hst:                00000000 00000000 00000000 00000100
00:00:05.239256 Gst: 80000008/0000  00003024 00000000 00000000 00000000
00:00:05.239257 Hst:                00003024 00000000 00000000 00000000
00:00:05.239257 Ext Name:                        
00:00:05.239258 Ext Supports:                    0x80000000-0x80000008
00:00:05.239258 Family:                          0  	Extended: 0 	Effective: 0
00:00:05.239259 Model:                           0  	Extended: 0 	Effective: 0
00:00:05.239259 Stepping:                        0
00:00:05.239260 Brand ID:                        0x000
00:00:05.239260 Ext Features
00:00:05.239260   Mnemonic - Description                                  = guest (host)
00:00:05.239262   FPU - x87 FPU on Chip                                   = 0 (0)
00:00:05.239263   VME - Virtual 8086 Mode Enhancements                    = 0 (0)
00:00:05.239264   DE - Debugging extensions                               = 0 (0)
00:00:05.239265   PSE - Page Size Extension                               = 0 (0)
00:00:05.239265   TSC - Time Stamp Counter                                = 0 (0)
00:00:05.239266   MSR - K86 Model Specific Registers                      = 0 (0)
00:00:05.239267   PAE - Physical Address Extension                        = 0 (0)
00:00:05.239268   MCE - Machine Check Exception                           = 0 (0)
00:00:05.239268   CX8 - CMPXCHG8B instruction                             = 0 (0)
00:00:05.239269   APIC - APIC On-Chip                                     = 0 (0)
00:00:05.239270   SEP - SYSCALL/SYSRET                                    = 1 (1)
00:00:05.239271   MTRR - Memory Type Range Registers                      = 0 (0)
00:00:05.239272   PGE - PTE Global Bit                                    = 0 (0)
00:00:05.239273   MCA - Machine Check Architecture                        = 0 (0)
00:00:05.239274   CMOV - Conditional Move instructions                    = 0 (0)
00:00:05.239274   PAT - Page Attribute Table                              = 0 (0)
00:00:05.239275   PSE-36 - 36-bit Page Size Extension                     = 0 (0)
00:00:05.239276   NX - No-Execute/Execute-Disable                         = 1 (1)
00:00:05.239277   AXMMX - AMD Extensions to MMX instructions              = 0 (0)
00:00:05.239277   MMX - Intel MMX Technology                              = 0 (0)
00:00:05.239278   FXSR - FXSAVE and FXRSTOR Instructions                  = 0 (0)
00:00:05.239279   FFXSR - AMD fast FXSAVE and FXRSTOR instructions        = 0 (0)
00:00:05.239280   Page1GB - 1 GB large page                               = 0 (0)
00:00:05.239281   RDTSCP - RDTSCP instruction                             = 1 (1)
00:00:05.239281   LM - AMD64 Long Mode                                    = 1 (1)
00:00:05.239282   3DNOWEXT - AMD Extensions to 3DNow                      = 0 (0)
00:00:05.239283   3DNOW - AMD 3DNow                                       = 0 (0)
00:00:05.239284   LahfSahf - LAHF/SAHF support in 64-bit mode             = 1 (1)
00:00:05.239285   CmpLegacy - Core multi-processing legacy mode           = 0 (0)
00:00:05.239285   SVM - AMD Secure Virtual Machine extensions             = 0 (0)
00:00:05.239286   EXTAPIC - AMD Extended APIC registers                   = 0 (0)
00:00:05.239287   CR8L - AMD LOCK MOV CR0 means MOV CR8                   = 0 (0)
00:00:05.239288   ABM - AMD Advanced Bit Manipulation                     = 0 (0)
00:00:05.239288   SSE4A - SSE4A instructions                              = 0 (0)
00:00:05.239289   MISALIGNSSE - AMD Misaligned SSE mode                   = 0 (0)
00:00:05.239290   3DNOWPRF - AMD PREFETCH and PREFETCHW instructions      = 0 (0)
00:00:05.239291   OSVW - AMD OS Visible Workaround                        = 0 (0)
00:00:05.239291   IBS - Instruct Based Sampling                           = 0 (0)
00:00:05.239292   XOP - Extended Operation support                        = 0 (0)
00:00:05.239293   SKINIT - SKINIT, STGI, and DEV support                  = 0 (0)
00:00:05.239294   WDT - AMD Watchdog Timer support                        = 0 (0)
00:00:05.239294   LWP - Lightweight Profiling support                     = 0 (0)
00:00:05.239295   FMA4 - Four operand FMA instruction support             = 0 (0)
00:00:05.239296   NodeId - NodeId in MSR C001_100C                        = 0 (0)
00:00:05.239297   TBM - Trailing Bit Manipulation instructions            = 0 (0)
00:00:05.239297   TOPOEXT - Topology Extensions                           = 0 (0)
00:00:05.239298   PRFEXTCORE - Performance Counter Extensions support     = 0 (0)
00:00:05.239299   PRFEXTNB - NB Performance Counter Extensions support    = 0 (0)
00:00:05.239299   DATABPEXT - Data-access Breakpoint Extension            = 0 (0)
00:00:05.239300   PERFTSC - Performance Time Stamp Counter                = 0 (0)
00:00:05.239301   PCX_L2I - L2I/L3 Performance Counter Extensions         = 0 (0)
00:00:05.239301   MWAITX - MWAITX and MONITORX instructions               = 0 (0)
00:00:05.239302 Full Name:                       "        Intel(R) Core(TM) i7-3770 CPU @ 3.40GHz"
00:00:05.239303 TLB 2/4M Instr/Uni:              res0     0 entries
00:00:05.239304 TLB 2/4M Data:                   res0     0 entries
00:00:05.239304 TLB 4K Instr/Uni:                res0     0 entries
00:00:05.239304 TLB 4K Data:                     res0     0 entries
00:00:05.239305 L1 Instr Cache Line Size:        0 bytes
00:00:05.239305 L1 Instr Cache Lines Per Tag:    0
00:00:05.239306 L1 Instr Cache Associativity:    res0  
00:00:05.239306 L1 Instr Cache Size:             0 KB
00:00:05.239306 L1 Data Cache Line Size:         0 bytes
00:00:05.239307 L1 Data Cache Lines Per Tag:     0
00:00:05.239307 L1 Data Cache Associativity:     res0  
00:00:05.239307 L1 Data Cache Size:              0 KB
00:00:05.239308 L2 TLB 2/4M Instr/Uni:           off       0 entries
00:00:05.239309 L2 TLB 2/4M Data:                off       0 entries
00:00:05.239309 L2 TLB 4K Instr/Uni:             off       0 entries
00:00:05.239309 L2 TLB 4K Data:                  off       0 entries
00:00:05.239310 L2 Cache Line Size:              0 bytes
00:00:05.239310 L2 Cache Lines Per Tag:          0
00:00:05.239310 L2 Cache Associativity:          off   
00:00:05.239311 L2 Cache Size:                   0 KB
00:00:05.239311   TS - Temperature Sensor                                 = 0 (0)
00:00:05.239312   FID - Frequency ID control                              = 0 (0)
00:00:05.239313   VID - Voltage ID control                                = 0 (0)
00:00:05.239314   TscInvariant - Invariant Time Stamp Counter             = 1 (1)
00:00:05.239314   CBP - Core Performance Boost                            = 0 (0)
00:00:05.239315   EffFreqRO - Read-only Effective Frequency Interface     = 0 (0)
00:00:05.239316   ProcFdbkIf - Processor Feedback Interface               = 0 (0)
00:00:05.239317   ProcPwrRep - Core power reporting interface support     = 0 (0)
00:00:05.239318 Physical Address Width:          36 bits
00:00:05.239318 Virtual Address Width:           48 bits
00:00:05.239318 Guest Physical Address Width:    0 bits
00:00:05.239319 Physical Core Count:             1
00:00:05.239319 
00:00:05.239320 ******************** End of CPUID dump **********************
00:00:05.239320 *********************** VT-x features ***********************
00:00:05.239321 Nested hardware virtualization - VMX features
00:00:05.239321   Mnemonic - Description                                  = guest (host)
00:00:05.239322   VMX - Virtual-Machine Extensions                        = 0 (1)
00:00:05.239322   InsOutInfo - INS/OUTS instruction info.                 = 0 (1)
00:00:05.239323   ExtIntExit - External interrupt exiting                 = 0 (1)
00:00:05.239323   NmiExit - NMI exiting                                   = 0 (1)
00:00:05.239324   VirtNmi - Virtual NMIs                                  = 0 (1)
00:00:05.239324   PreemptTimer - VMX preemption timer                     = 0 (1)
00:00:05.239325   PostedInt - Posted interrupts                           = 0 (0)
00:00:05.239325   IntWindowExit - Interrupt-window exiting                = 0 (1)
00:00:05.239326   TscOffsetting - TSC offsetting                          = 0 (1)
00:00:05.239326   HltExit - HLT exiting                                   = 0 (1)
00:00:05.239328   InvlpgExit - INVLPG exiting                             = 0 (1)
00:00:05.239328   MwaitExit - MWAIT exiting                               = 0 (1)
00:00:05.239329   RdpmcExit - RDPMC exiting                               = 0 (1)
00:00:05.239329   RdtscExit - RDTSC exiting                               = 0 (1)
00:00:05.239330   Cr3LoadExit - CR3-load exiting                          = 0 (1)
00:00:05.239330   Cr3StoreExit - CR3-store exiting                        = 0 (1)
00:00:05.239331   Cr8LoadExit  - CR8-load exiting                         = 0 (1)
00:00:05.239331   Cr8StoreExit - CR8-store exiting                        = 0 (1)
00:00:05.239332   UseTprShadow - Use TPR shadow                           = 0 (1)
00:00:05.239332   NmiWindowExit - NMI-window exiting                      = 0 (1)
00:00:05.239333   MovDRxExit - Mov-DR exiting                             = 0 (1)
00:00:05.239333   UncondIoExit - Unconditional I/O exiting                = 0 (1)
00:00:05.239334   UseIoBitmaps - Use I/O bitmaps                          = 0 (1)
00:00:05.239334   MonitorTrapFlag - Monitor Trap Flag                     = 0 (1)
00:00:05.239336   UseMsrBitmaps - MSR bitmaps                             = 0 (1)
00:00:05.239337   MonitorExit - MONITOR exiting                           = 0 (1)
00:00:05.239337   PauseExit - PAUSE exiting                               = 0 (1)
00:00:05.239338   SecondaryExecCtl - Activate secondary controls          = 0 (1)
00:00:05.239338   VirtApic - Virtualize-APIC accesses                     = 0 (1)
00:00:05.239339   Ept - Extended Page Tables                              = 0 (1)
00:00:05.239339   DescTableExit - Descriptor-table exiting                = 0 (1)
00:00:05.239340   Rdtscp - Enable RDTSCP                                  = 0 (1)
00:00:05.239340   VirtX2ApicMode - Virtualize-x2APIC mode                 = 0 (1)
00:00:05.239341   Vpid - Enable VPID                                      = 0 (1)
00:00:05.239341   WbinvdExit - WBINVD exiting                             = 0 (1)
00:00:05.239341   UnrestrictedGuest - Unrestricted guest                  = 0 (1)
00:00:05.239342   ApicRegVirt - APIC-register virtualization              = 0 (0)
00:00:05.239342   VirtIntDelivery - Virtual-interrupt delivery            = 0 (0)
00:00:05.239343   PauseLoopExit - PAUSE-loop exiting                      = 0 (0)
00:00:05.239343   RdrandExit - RDRAND exiting                             = 0 (1)
00:00:05.239344   Invpcid - Enable INVPCID                                = 0 (0)
00:00:05.239344   VmFuncs - Enable VM Functions                           = 0 (0)
00:00:05.239345   VmcsShadowing - VMCS shadowing                          = 0 (0)
00:00:05.239345   RdseedExiting - RDSEED exiting                          = 0 (0)
00:00:05.239346   PML - Page-Modification Log (PML)                       = 0 (0)
00:00:05.239346   EptVe - EPT violations can cause #VE                    = 0 (0)
00:00:05.239346   XsavesXRstors - Enable XSAVES/XRSTORS                   = 0 (0)
00:00:05.239347   EntryLoadDebugCtls - Load debug controls on VM-entry    = 0 (1)
00:00:05.239347   Ia32eModeGuest - IA-32e mode guest                      = 0 (1)
00:00:05.239348   EntryLoadEferMsr - Load IA32_EFER MSR on VM-entry       = 0 (1)
00:00:05.239348   EntryLoadPatMsr - Load IA32_PAT MSR on VM-entry         = 0 (1)
00:00:05.239349   ExitSaveDebugCtls - Save debug controls on VM-exit      = 0 (1)
00:00:05.239349   HostAddrSpaceSize - Host address-space size             = 0 (1)
00:00:05.239350   ExitAckExtInt - Acknowledge interrupt on VM-exit        = 0 (1)
00:00:05.239350   ExitSavePatMsr - Save IA32_PAT MSR on VM-exit           = 0 (1)
00:00:05.239350   ExitLoadPatMsr - Load IA32_PAT MSR on VM-exit           = 0 (1)
00:00:05.239351   ExitSaveEferMsr - Save IA32_EFER MSR on VM-exit         = 0 (1)
00:00:05.239351   ExitLoadEferMsr - Load IA32_EFER MSR on VM-exit         = 0 (1)
00:00:05.239352   SavePreemptTimer - Save VMX-preemption timer            = 0 (1)
00:00:05.239352   ExitSaveEferLma - Save IA32_EFER.LMA on VM-exit         = 0 (1)
00:00:05.239353   IntelPt - Intel PT (Processor Trace) in VMX operation   = 0 (0)
00:00:05.239353   VmwriteAll - VMWRITE to any supported VMCS field        = 0 (0)
00:00:05.239354   EntryInjectSoftInt - Inject softint. with 0-len instr.  = 0 (0)
00:00:05.239354 
00:00:05.239354 ******************* End of VT-x features ********************
00:00:05.239364 VMEmt: Halt method global1 (5)
00:00:05.239408 VMEmt: HaltedGlobal1 config: cNsSpinBlockThresholdCfg=50000
00:00:05.239416 Changing the VM state from 'CREATING' to 'CREATED'
00:00:05.240480 Changing the VM state from 'CREATED' to 'POWERING_ON'
00:00:05.240512 AIOMgr: Endpoints without assigned bandwidth groups:
00:00:05.240518 AIOMgr:     D:\WORKFOLDER  ASJ\ASJ-WORKFOLDER\PERTEMUAN SENIN 8 JANUARI 2024\Initiator_Server\debian11-disk001.vdi
00:00:05.240602 Changing the VM state from 'POWERING_ON' to 'RUNNING'
00:00:05.240618 Console: Machine state changed to 'Running'
00:00:05.243773 VMMDev: Guest Log: BIOS: VirtualBox 6.1.44
00:00:05.243875 PCI: Setting up resources and interrupts
00:00:05.244113 PIT: mode=2 count=0x10000 (65536) - 18.20 Hz (ch=0)
00:00:05.260572 Display::i_handleDisplayResize: uScreenId=0 pvVRAM=0000000000000000 w=720 h=400 bpp=0 cbLine=0x0 flags=0x0 origin=0,0
00:00:05.261311 VMMDev: Guest Log: CPUID EDX: 0x178bfbff
00:00:05.261434 PIIX3 ATA: Ctl#1: RESET, DevSel=0 AIOIf=0 CmdIf0=0x00 (-1 usec ago) CmdIf1=0x00 (-1 usec ago)
00:00:05.261477 PIIX3 ATA: Ctl#1: finished processing RESET
00:00:05.262233 AHCI#0: Reset the HBA
00:00:05.262244 VD#0: Cancelling all active requests
00:00:05.262299 AHCI#0: Port 0 reset
00:00:05.262334 VD#0: Cancelling all active requests
00:00:05.262986 VMMDev: Guest Log: BIOS: AHCI 0-P#0: PCHS=16383/16/63 LCHS=1024/255/63 0x0000000001400000 sectors
00:00:05.263703 PIT: mode=2 count=0x48d3 (18643) - 64.00 Hz (ch=0)
00:00:05.296384 Display::i_handleDisplayResize: uScreenId=0 pvVRAM=000000000a2e0000 w=640 h=480 bpp=32 cbLine=0xA00 flags=0x0 origin=0,0
00:00:05.742055 GUI: UIMachineViewNormal::resendSizeHint: Restoring guest size-hint for screen 0 to 800x600
00:00:05.745453 GUI: 2D video acceleration is disabled
00:00:05.745519 GUI: HID LEDs sync is enabled
00:00:05.753504 GUI: UIMachineLogicNormal::sltCheckForRequestedVisualStateType: Requested-state=0, Machine-state=5
00:00:07.739535 PIT: mode=2 count=0x10000 (65536) - 18.20 Hz (ch=0)
00:00:07.739821 VMMDev: Guest Log: BIOS: Boot : bseqnr=1, bootseq=0312
00:00:07.771792 VMMDev: Guest Log: BIOS: Booting from Hard Disk...
00:00:07.794477 Display::i_handleDisplayResize: uScreenId=0 pvVRAM=0000000000000000 w=720 h=400 bpp=0 cbLine=0x0 flags=0x0 origin=0,0
00:00:08.179194 Display::i_handleDisplayResize: uScreenId=0 pvVRAM=000000000a40c000 w=640 h=480 bpp=32 cbLine=0xA00 flags=0x0 origin=0,0
00:00:14.276756 Display::i_handleDisplayResize: uScreenId=0 pvVRAM=0000000000000000 w=720 h=400 bpp=0 cbLine=0x0 flags=0x0 origin=0,0
00:00:14.975062 GIM: KVM: VCPU  0: Enabled system-time struct. at 0x0000000013cb8000 - u32TscScale=0x96ee2720 i8TscShift=-1 uVersion=2 fFlags=0x1 uTsc=0x7b0349d55 uVirtNanoTS=0x24432e8f4 TscKHz=3392294
00:00:14.975093 TM: Switching TSC mode from 'Dynamic' to 'RealTscOffset'
00:00:15.096207 GIM: KVM: Enabled wall-clock struct. at 0x0000000013cb7008 - u32Sec=1704687070 u32Nano=494394144 uVersion=2
00:00:15.104155 PIT: mode=2 count=0x12a5 (4773) - 249.98 Hz (ch=0)
00:00:15.104391 APIC0: Switched mode to x2APIC
00:00:15.222016 PIT: mode=0 count=0x10000 (65536) - 18.20 Hz (ch=0)
00:00:15.387488 OHCI: Software reset
00:00:15.829745 IEM: rdmsr(0x48) -> #GP(0)
00:00:15.829761 IEM: rdmsr(0x122) -> #GP(0)
00:00:15.829766 IEM: rdmsr(0x10f) -> #GP(0)
00:00:15.829770 IEM: rdmsr(0x123) -> #GP(0)
00:00:15.829773 IEM: rdmsr(0xc0011020) -> #GP(0)
00:00:16.122949 OHCI: USB Reset
00:00:16.123622 AHCI#0: Reset the HBA
00:00:16.123637 VD#0: Cancelling all active requests
00:00:16.129083 PIIX3 ATA: Ctl#1: RESET, DevSel=0 AIOIf=0 CmdIf0=0xa1 (-1 usec ago) CmdIf1=0x00 (-1 usec ago)
00:00:16.129133 PIIX3 ATA: Ctl#1: finished processing RESET
00:00:16.133950 AHCI#0: Port 0 reset
00:00:16.138286 VD#0: Cancelling all active requests
00:00:16.180734 OHCI: Software reset
00:00:16.180830 OHCI: USB Operational
00:00:16.861737 GUI: Releasing mouse on capabilities lost
00:00:16.947434 AIOMgr: Async flushes not supported
00:00:24.461163 VMMDev: Guest Log: vboxguest: host-version: 6.1.44r156814 0x8000000f
00:00:24.461197 VMMDev: Guest Additions information report: Version 6.0.0 r127566 '6.0.0'
00:00:24.461219 VMMDev: Guest Additions information report: Interface = 0x00010004 osType = 0x00053100 (Linux >= 2.6, 64-bit)
00:00:24.461312 VMMDev: Guest Additions capability report: (0x0 -> 0x0) seamless: no, hostWindowMapping: no, graphics: no
00:00:24.461371 GUI: UISession::sltAdditionsChange: GA state change event came, notifying listeners
00:00:24.461381 GUI: UIMachineLogicNormal::sltCheckForRequestedVisualStateType: Requested-state=0, Machine-state=5
00:00:24.461392 VMMDev: vmmDevReqHandler_HeartbeatConfigure: No change (fHeartbeatActive=false)
00:00:24.461411 VMMDev: Heartbeat flatline timer set to trigger after 4 000 000 000 ns
00:00:24.461417 GUI: UISession::sltAdditionsChange: GA state change event came, notifying listeners
00:00:24.461423 GUI: UIMachineLogicNormal::sltCheckForRequestedVisualStateType: Requested-state=0, Machine-state=5
00:00:24.462001 VMMDev: Guest Log: vbg_heartbeat_init: Setting up heartbeat to trigger every 2000 milliseconds
00:00:24.462102 GUI: UISession::sltAdditionsChange: GA state really changed, notifying listeners
00:00:24.462118 GUI: UIMachineViewNormal::adjustGuestScreenSize: Adjust guest-screen size if necessary
00:00:24.462143 GUI: UISession::sltAdditionsChange: GA state change event came, notifying listeners
00:00:24.462147 GUI: UIMachineLogicNormal::sltCheckForRequestedVisualStateType: Requested-state=0, Machine-state=5
00:00:24.464536 VMMDev: Guest Log: vboxguest: misc device minor 61, IRQ 20, I/O port d040, MMIO at 0x00000000f0400000 (size 0x0000000000400000)
00:00:26.033408 Enabling different vbva mode
00:00:26.037160 Display::i_handleDisplayResize: uScreenId=0 pvVRAM=000000000a2e0000 w=800 h=600 bpp=32 cbLine=0xC80 flags=0x1 origin=0,0
00:00:26.835480 IEM: rdmsr(0x619) -> #GP(0)
00:00:26.835497 IEM: rdmsr(0x64d) -> #GP(0)
00:00:26.892513 AC97: Reset
00:00:26.892533 AC97: Mixer reset (EAID=0x809, EACS=0x9)
00:00:26.892538 AC97: Record select to left=mic, right=mic
00:00:26.892684 AC97: Reset
00:00:26.892689 AC97: Mixer reset (EAID=0x809, EACS=0x9)
00:00:26.892692 AC97: Record select to left=mic, right=mic
00:00:26.894090 AC97: Record select to left=mic, right=mic
00:01:26.723598 GUI: Machine-window #0 deactivated
00:01:26.723630 GUI: Releasing mouse on focus out
00:01:26.723655 GUI: Releasing keyboard on focus out
00:01:26.727774 GUI: Machine-view #0 unfocused, reason=3
00:01:34.206753 GUI: Machine-window #0 activated
00:01:34.206886 GUI: Capturing keyboard on focus in
00:01:34.206921 GUI: Machine-view #0 focused, reason=3
00:02:09.147946 GUI: Machine-window #0 deactivated
00:02:09.147979 GUI: Releasing mouse on focus out
00:02:09.147995 GUI: Releasing keyboard on focus out
00:02:09.155114 GUI: Machine-view #0 unfocused, reason=3
00:02:09.285250 GUI: Machine-window #0 activated
00:02:09.285357 GUI: Capturing keyboard on focus in
00:02:09.285384 GUI: Machine-view #0 focused, reason=3
00:02:12.283526 GUI: Machine-window #0 deactivated
00:02:12.283558 GUI: Releasing mouse on focus out
00:02:12.283581 GUI: Releasing keyboard on focus out
00:02:12.288439 GUI: Machine-view #0 unfocused, reason=3
